"../../../Engine/Content/EditorResources/S_Actor.ubulk" 0
"../../../Engine/Content/EditorResources/S_Actor.uasset" 1
"../../../Engine/Content/EditorResources/S_Actor.uexp" 2
"../../../Engine/Content/EditorResources/S_BoxReflectionCapture.uasset" 3
"../../../Engine/Content/EditorResources/S_BoxReflectionCapture.uexp" 4
"../../../Engine/Content/EngineResources/DefaultTexture.ubulk" 5
"../../../Engine/Content/EngineResources/DefaultTexture.uasset" 6
"../../../Engine/Content/EngineResources/DefaultTexture.uexp" 7
"../../../Engine/Content/EngineResources/DefaultTextureCube.uasset" 8
"../../../Engine/Content/EngineResources/DefaultTextureCube.uexp" 9
"../../../Engine/Content/EngineResources/DefaultVolumeTexture2D.uasset" 10
"../../../Engine/Content/EngineResources/DefaultVolumeTexture2D.uexp" 11
"../../../Engine/Content/EngineResources/DefaultVolumeTexture.uasset" 12
"../../../Engine/Content/EngineResources/DefaultVolumeTexture.uexp" 13
"../../../Engine/Content/EditorResources/S_Trigger.ubulk" 14
"../../../Engine/Content/EditorResources/S_Trigger.uasset" 15
"../../../Engine/Content/EditorResources/S_Trigger.uexp" 16
"../../../Engine/Content/EditorResources/S_TriggerBox.uasset" 17
"../../../Engine/Content/EditorResources/S_TriggerBox.uexp" 18
"../../../Engine/Content/EditorResources/S_TriggerCapsule.uasset" 19
"../../../Engine/Content/EditorResources/S_TriggerCapsule.uexp" 20
"../../../Engine/Content/EditorResources/S_TriggerSphere.uasset" 21
"../../../Engine/Content/EditorResources/S_TriggerSphere.uexp" 22
"../../../Engine/Content/EngineMeshes/Sphere.ubulk" 23
"../../../Engine/Content/EngineMeshes/Sphere.uasset" 24
"../../../Engine/Content/EngineMeshes/Sphere.uexp" 25
"../../../Engine/Content/EngineResources/GradientTexture0.uasset" 26
"../../../Engine/Content/EngineResources/GradientTexture0.uexp" 27
"../../../Engine/Content/EngineResources/Black.uasset" 28
"../../../Engine/Content/EngineResources/Black.uexp" 29
"../../../Engine/Content/VREditor/LaserPointer/VR_LaserPower_01.ubulk" 30
"../../../Engine/Content/VREditor/LaserPointer/VR_LaserPower_01.uasset" 31
"../../../Engine/Content/VREditor/LaserPointer/VR_LaserPower_01.uexp" 32
"../../../Engine/Content/VREditor/TransformGizmo/TransformGizmoMaterial.uasset" 33
"../../../Engine/Content/VREditor/TransformGizmo/TransformGizmoMaterial.uexp" 34
"../../../Engine/Content/VREditor/TransformGizmo/TranslucentTransformGizmoMaterial.uasset" 35
"../../../Engine/Content/VREditor/TransformGizmo/TranslucentTransformGizmoMaterial.uexp" 36
"../../../Engine/Content/VREditor/TransformGizmo/PlaneTranslationHandle.ubulk" 37
"../../../Engine/Content/VREditor/TransformGizmo/PlaneTranslationHandle.uasset" 38
"../../../Engine/Content/VREditor/TransformGizmo/PlaneTranslationHandle.uexp" 39
"../../../Engine/Content/VREditor/TransformGizmo/BoundingBoxCorner.ubulk" 40
"../../../Engine/Content/VREditor/TransformGizmo/BoundingBoxCorner.uasset" 41
"../../../Engine/Content/VREditor/TransformGizmo/BoundingBoxCorner.uexp" 42
"../../../Engine/Content/VREditor/TransformGizmo/BoundingBoxEdge.ubulk" 43
"../../../Engine/Content/VREditor/TransformGizmo/BoundingBoxEdge.uasset" 44
"../../../Engine/Content/VREditor/TransformGizmo/BoundingBoxEdge.uexp" 45
"../../../Engine/Content/VREditor/TransformGizmo/Main.uasset" 46
"../../../Engine/Content/VREditor/TransformGizmo/Main.uexp" 47
"../../../Engine/Content/VREditor/TransformGizmo/Xray.uasset" 48
"../../../Engine/Content/VREditor/TransformGizmo/Xray.uexp" 49
"../../../Engine/Content/VREditor/TransformGizmo/SM_Sequencer_Node.ubulk" 50
"../../../Engine/Content/VREditor/TransformGizmo/SM_Sequencer_Node.uasset" 51
"../../../Engine/Content/VREditor/TransformGizmo/SM_Sequencer_Node.uexp" 52
"../../../Engine/Content/EditorMaterials/Camera/CineMat.uasset" 53
"../../../Engine/Content/EditorMaterials/Camera/CineMat.uexp" 54
"../../../Engine/Content/EditorMaterials/Camera/MI_CineMat_Rig.uasset" 55
"../../../Engine/Content/EditorMaterials/Camera/MI_CineMat_Rig.uexp" 56
"../../../Engine/Content/EditorMeshes/Camera/SM_CraneRig_Base.ubulk" 57
"../../../Engine/Content/EditorMeshes/Camera/SM_CraneRig_Base.uasset" 58
"../../../Engine/Content/EditorMeshes/Camera/SM_CraneRig_Base.uexp" 59
"../../../Engine/Content/EditorMeshes/Camera/SM_CraneRig_Arm.ubulk" 60
"../../../Engine/Content/EditorMeshes/Camera/SM_CraneRig_Arm.uasset" 61
"../../../Engine/Content/EditorMeshes/Camera/SM_CraneRig_Arm.uexp" 62
"../../../Engine/Content/EditorMeshes/Camera/SM_CraneRig_Mount.ubulk" 63
"../../../Engine/Content/EditorMeshes/Camera/SM_CraneRig_Mount.uasset" 64
"../../../Engine/Content/EditorMeshes/Camera/SM_CraneRig_Mount.uexp" 65
"../../../Engine/Content/EditorMeshes/Camera/SM_CraneRig_Body.ubulk" 66
"../../../Engine/Content/EditorMeshes/Camera/SM_CraneRig_Body.uasset" 67
"../../../Engine/Content/EditorMeshes/Camera/SM_CraneRig_Body.uexp" 68
"../../../Engine/Content/EditorMeshes/Camera/SM_RailRig_Track.ubulk" 69
"../../../Engine/Content/EditorMeshes/Camera/SM_RailRig_Track.uasset" 70
"../../../Engine/Content/EditorMeshes/Camera/SM_RailRig_Track.uexp" 71
"../../../Engine/Content/EditorMeshes/Camera/SM_RailRig_Mount.ubulk" 72
"../../../Engine/Content/EditorMeshes/Camera/SM_RailRig_Mount.uasset" 73
"../../../Engine/Content/EditorMeshes/Camera/SM_RailRig_Mount.uexp" 74
"../../../Engine/Content/EngineMaterials/T_Default_Material_Grid_M.ubulk" 75
"../../../Engine/Content/EngineMaterials/T_Default_Material_Grid_M.uasset" 76
"../../../Engine/Content/EngineMaterials/T_Default_Material_Grid_M.uexp" 77
"../../../Engine/Content/EngineMaterials/T_Default_Material_Grid_N.ubulk" 78
"../../../Engine/Content/EngineMaterials/T_Default_Material_Grid_N.uasset" 79
"../../../Engine/Content/EngineMaterials/T_Default_Material_Grid_N.uexp" 80
"../../../Engine/Content/Functions/Engine_MaterialFunctions01/Opacity/CameraDepthFade.uasset" 81
"../../../Engine/Content/Functions/Engine_MaterialFunctions01/Opacity/CameraDepthFade.uexp" 82
"../../../Engine/Content/EngineMaterials/WorldGridMaterial.uasset" 83
"../../../Engine/Content/EngineMaterials/WorldGridMaterial.uexp" 84
"../../../Engine/Content/ArtTools/RenderToTexture/Meshes/S_1_Unit_Plane.ubulk" 85
"../../../Engine/Content/ArtTools/RenderToTexture/Meshes/S_1_Unit_Plane.uasset" 86
"../../../Engine/Content/ArtTools/RenderToTexture/Meshes/S_1_Unit_Plane.uexp" 87
"../../../Engine/Content/EditorMaterials/ParticleSystems/PSysThumbnail_NoImage.ubulk" 88
"../../../Engine/Content/EditorMaterials/ParticleSystems/PSysThumbnail_NoImage.uasset" 89
"../../../Engine/Content/EditorMaterials/ParticleSystems/PSysThumbnail_NoImage.uexp" 90
"../../../Engine/Content/EditorMaterials/ParticleSystems/PSysThumbnail_OOD.ubulk" 91
"../../../Engine/Content/EditorMaterials/ParticleSystems/PSysThumbnail_OOD.uasset" 92
"../../../Engine/Content/EditorMaterials/ParticleSystems/PSysThumbnail_OOD.uexp" 93
"../../../Engine/Content/EditorLandscapeResources/SplineEditorMeshMat.uasset" 94
"../../../Engine/Content/EditorLandscapeResources/SplineEditorMeshMat.uexp" 95
"../../../Engine/Content/EditorLandscapeResources/SplineEditorMesh.ubulk" 96
"../../../Engine/Content/EditorLandscapeResources/SplineEditorMesh.uasset" 97
"../../../Engine/Content/EditorLandscapeResources/SplineEditorMesh.uexp" 98
"../../../Engine/Content/EditorResources/S_Solver.ubulk" 99
"../../../Engine/Content/EditorResources/S_Solver.uasset" 100
"../../../Engine/Content/EditorResources/S_Solver.uexp" 101
"../../../Engine/Plugins/Media/MediaPlate/Content/SM_MediaPlateScreen.ubulk" 102
"../../../Engine/Plugins/Media/MediaPlate/Content/SM_MediaPlateScreen.uasset" 103
"../../../Engine/Plugins/Media/MediaPlate/Content/SM_MediaPlateScreen.uexp" 104
"../../../Engine/Content/EngineMaterials/Good64x64TilingNoiseHighFreq.uasset" 105
"../../../Engine/Content/EngineMaterials/Good64x64TilingNoiseHighFreq.uexp" 106
"../../../Engine/Content/EngineMaterials/DefaultBokeh.uasset" 107
"../../../Engine/Content/EngineMaterials/DefaultBokeh.uexp" 108
"../../../Engine/Content/EngineMaterials/PreintegratedSkinBRDF.uasset" 109
"../../../Engine/Content/EngineMaterials/PreintegratedSkinBRDF.uexp" 110
"../../../Engine/Content/EngineMaterials/MiniFont.uasset" 111
"../../../Engine/Content/EngineMaterials/MiniFont.uexp" 112
"../../../Engine/Content/EngineMaterials/WeightMapPlaceholderTexture.uasset" 113
"../../../Engine/Content/EngineMaterials/WeightMapPlaceholderTexture.uexp" 114
"../../../Engine/Content/EngineMaterials/DefaultWhiteGrid.ubulk" 115
"../../../Engine/Content/EngineMaterials/DefaultWhiteGrid.uasset" 116
"../../../Engine/Content/EngineMaterials/DefaultWhiteGrid.uexp" 117
"../../../Engine/Content/EngineMaterials/DefaultMaterial.uasset" 118
"../../../Engine/Content/EngineMaterials/DefaultMaterial.uexp" 119
"../../../Engine/Content/BasicShapes/Sphere.ubulk" 120
"../../../Engine/Content/BasicShapes/Sphere.uasset" 121
"../../../Engine/Content/BasicShapes/Sphere.uexp" 122
"../../../Engine/Content/BasicShapes/Plane.ubulk" 123
"../../../Engine/Content/BasicShapes/Plane.uasset" 124
"../../../Engine/Content/BasicShapes/Plane.uexp" 125
"../../../Engine/Content/BasicShapes/Cylinder.ubulk" 126
"../../../Engine/Content/BasicShapes/Cylinder.uasset" 127
"../../../Engine/Content/BasicShapes/Cylinder.uexp" 128
"../../../Engine/Content/BasicShapes/Cube.ubulk" 129
"../../../Engine/Content/BasicShapes/Cube.uasset" 130
"../../../Engine/Content/BasicShapes/Cube.uexp" 131
"../../../Engine/Content/BasicShapes/Cone.ubulk" 132
"../../../Engine/Content/BasicShapes/Cone.uasset" 133
"../../../Engine/Content/BasicShapes/Cone.uexp" 134
"../../../Engine/Content/EditorLandscapeResources/DefaultAlphaTexture.uasset" 135
"../../../Engine/Content/EditorLandscapeResources/DefaultAlphaTexture.uexp" 136
"../../../Engine/Content/EditorLandscapeResources/DataLayer.uasset" 137
"../../../Engine/Content/EditorLandscapeResources/DataLayer.uexp" 138
"../../../Engine/Content/EditorMaterials/PreviewShadowIndicator.ubulk" 139
"../../../Engine/Content/EditorMaterials/PreviewShadowIndicator.uasset" 140
"../../../Engine/Content/EditorMaterials/PreviewShadowIndicator.uexp" 141
"../../../Engine/Content/EditorMaterials/PreviewShadowIndicatorMaterial.uasset" 142
"../../../Engine/Content/EditorMaterials/PreviewShadowIndicatorMaterial.uexp" 143
"../../../Engine/Content/EditorMaterials/PhAT_UnselectedMaterial.uasset" 144
"../../../Engine/Content/EditorMaterials/PhAT_UnselectedMaterial.uexp" 145
"../../../Engine/Content/EditorMaterials/PhAT_NoCollisionMaterial.uasset" 146
"../../../Engine/Content/EditorMaterials/PhAT_NoCollisionMaterial.uexp" 147
"../../../Engine/Content/Functions/Engine_MaterialFunctions02/Utility/MakeFloat4.uasset" 148
"../../../Engine/Content/Functions/Engine_MaterialFunctions02/Utility/MakeFloat4.uexp" 149
"../../../Engine/Content/Functions/Engine_MaterialFunctions02/Utility/MakeFloat3.uasset" 150
"../../../Engine/Content/Functions/Engine_MaterialFunctions02/Utility/MakeFloat3.uexp" 151
"../../../Engine/Content/Functions/Engine_MaterialFunctions02/Utility/BreakOutFloat3Components.uasset" 152
"../../../Engine/Content/Functions/Engine_MaterialFunctions02/Utility/BreakOutFloat3Components.uexp" 153
"../../../Engine/Content/EditorMaterials/WorldPartition/WorldPartitionSpatialHashGridPreviewMaterial.uasset" 154
"../../../Engine/Content/EditorMaterials/WorldPartition/WorldPartitionSpatialHashGridPreviewMaterial.uexp" 155
"../../../Engine/Content/EditorResources/S_Terrain.ubulk" 156
"../../../Engine/Content/EditorResources/S_Terrain.uasset" 157
"../../../Engine/Content/EditorResources/S_Terrain.uexp" 158
"../../../Engine/Content/EditorResources/EmptyActor.uasset" 159
"../../../Engine/Content/EditorResources/EmptyActor.uexp" 160
"../../../Engine/Content/EditorResources/BSPVertex.uasset" 161
"../../../Engine/Content/EditorResources/BSPVertex.uexp" 162
"../../../Engine/Content/EditorResources/SequenceRecorder/RecordingIndicator.uasset" 163
"../../../Engine/Content/EditorResources/SequenceRecorder/RecordingIndicator.uexp" 164
"../../../Engine/Content/EditorResources/SequenceRecorder/Countdown.uasset" 165
"../../../Engine/Content/EditorResources/SequenceRecorder/Countdown.uexp" 166
"../../../Engine/Content/EngineDamageTypes/DmgTypeBP_Environmental.uasset" 167
"../../../Engine/Content/EngineDamageTypes/DmgTypeBP_Environmental.uexp" 168
"../../../Engine/Content/Functions/Engine_MaterialFunctions02/Utility/CameraDirectionVector.uasset" 169
"../../../Engine/Content/Functions/Engine_MaterialFunctions02/Utility/CameraDirectionVector.uexp" 170
"../../../Engine/Content/EngineDebugMaterials/VolumeToRender.uasset" 171
"../../../Engine/Content/EngineDebugMaterials/VolumeToRender.uexp" 172
"../../../Engine/Content/EngineDebugMaterials/M_VolumeRenderSphereTracePP.uasset" 173
"../../../Engine/Content/EngineDebugMaterials/M_VolumeRenderSphereTracePP.uexp" 174
"../../../Engine/Content/EngineDebugMaterials/M_SimpleUnlitTranslucent.uasset" 175
"../../../Engine/Content/EngineDebugMaterials/M_SimpleUnlitTranslucent.uexp" 176
"../../../Engine/Content/EngineDebugMaterials/DebugMeshMaterial.uasset" 177
"../../../Engine/Content/EngineDebugMaterials/DebugMeshMaterial.uexp" 178
"../../../Engine/Content/EngineDebugMaterials/DebugEditorMaterial.uasset" 179
"../../../Engine/Content/EngineDebugMaterials/DebugEditorMaterial.uexp" 180
"../../../Engine/Content/EngineFonts/Faces/RobotoLight.uexp" 181
"../../../Engine/Content/EngineFonts/Faces/RobotoLight.uasset" 182
"../../../Engine/Content/EngineFonts/Faces/RobotoLight.ufont" 183
"../../../Engine/Content/EngineFonts/Faces/RobotoBold.uexp" 184
"../../../Engine/Content/EngineFonts/Faces/RobotoBold.uasset" 185
"../../../Engine/Content/EngineFonts/Faces/RobotoBold.ufont" 186
"../../../Engine/Content/EngineFonts/Faces/RobotoRegular.uexp" 187
"../../../Engine/Content/EngineFonts/Faces/RobotoRegular.uasset" 188
"../../../Engine/Content/EngineFonts/Faces/RobotoRegular.ufont" 189
"../../../Engine/Content/EngineFonts/Faces/DroidSansFallback.uexp" 190
"../../../Engine/Content/EngineFonts/Faces/DroidSansFallback.uasset" 191
"../../../Engine/Content/EngineFonts/Faces/DroidSansFallback.ufont" 192
"../../../Engine/Content/EngineFonts/Faces/RobotoItalic.uexp" 193
"../../../Engine/Content/EngineFonts/Faces/RobotoItalic.uasset" 194
"../../../Engine/Content/EngineFonts/Faces/RobotoItalic.ufont" 195
"../../../Engine/Content/EngineFonts/Faces/RobotoBoldItalic.uexp" 196
"../../../Engine/Content/EngineFonts/Faces/RobotoBoldItalic.uasset" 197
"../../../Engine/Content/EngineFonts/Faces/RobotoBoldItalic.ufont" 198
"../../../Engine/Content/EngineFonts/Roboto.uasset" 199
"../../../Engine/Content/EngineFonts/Roboto.uexp" 200
"../../../Engine/Content/EngineResources/WhiteSquareTexture.uasset" 201
"../../../Engine/Content/EngineResources/WhiteSquareTexture.uexp" 202
"../../../Engine/Content/EngineMaterials/Widget3DPassThrough.uasset" 203
"../../../Engine/Content/EngineMaterials/Widget3DPassThrough.uexp" 204
"../../../Engine/Content/EngineMaterials/Widget3DPassThrough_Translucent.uasset" 205
"../../../Engine/Content/EngineMaterials/Widget3DPassThrough_Translucent.uexp" 206
"../../../Engine/Content/EngineMaterials/Widget3DPassThrough_Translucent_OneSided.uasset" 207
"../../../Engine/Content/EngineMaterials/Widget3DPassThrough_Translucent_OneSided.uexp" 208
"../../../Engine/Content/EngineMaterials/Widget3DPassThrough_Opaque.uasset" 209
"../../../Engine/Content/EngineMaterials/Widget3DPassThrough_Opaque.uexp" 210
"../../../Engine/Content/EngineMaterials/Widget3DPassThrough_Opaque_OneSided.uasset" 211
"../../../Engine/Content/EngineMaterials/Widget3DPassThrough_Opaque_OneSided.uexp" 212
"../../../Engine/Content/EngineMaterials/Widget3DPassThrough_Masked_OneSided.uasset" 213
"../../../Engine/Content/EngineMaterials/Widget3DPassThrough_Masked_OneSided.uexp" 214
"../../../Engine/Content/EngineMaterials/Widget3DPassThrough_Masked.uasset" 215
"../../../Engine/Content/EngineMaterials/Widget3DPassThrough_Masked.uexp" 216
"../../../Engine/Content/EngineMaterials/STBlueNoise_vec2_128x128x64.uasset" 217
"../../../Engine/Content/EngineMaterials/STBlueNoise_vec2_128x128x64.uexp" 218
"../../../Engine/Content/EngineMaterials/STBlueNoise_scalar_128x128x64.uasset" 219
"../../../Engine/Content/EngineMaterials/STBlueNoise_scalar_128x128x64.uexp" 220
"../../../Engine/Content/EngineMaterials/RemoveSurfaceMaterial.uasset" 221
"../../../Engine/Content/EngineMaterials/RemoveSurfaceMaterial.uexp" 222
"../../../Engine/Content/EngineMaterials/DefaultCalibrationGrayscale.uasset" 223
"../../../Engine/Content/EngineMaterials/DefaultCalibrationGrayscale.uexp" 224
"../../../Engine/Content/EngineMaterials/PPM_DefaultCalibrationGrayscale.uasset" 225
"../../../Engine/Content/EngineMaterials/PPM_DefaultCalibrationGrayscale.uexp" 226
"../../../Engine/Content/EngineMaterials/DefaultCalibrationColor.uasset" 227
"../../../Engine/Content/EngineMaterials/DefaultCalibrationColor.uexp" 228
"../../../Engine/Content/EngineMaterials/PPM_DefaultCalibrationColor.uasset" 229
"../../../Engine/Content/EngineMaterials/PPM_DefaultCalibrationColor.uexp" 230
"../../../Engine/Content/Functions/Engine_MaterialFunctions02/WorldPositionOffset/CameraOffset.uasset" 231
"../../../Engine/Content/Functions/Engine_MaterialFunctions02/WorldPositionOffset/CameraOffset.uexp" 232
"../../../Engine/Content/EngineMaterials/PhAT_JointLimitMaterial.uasset" 233
"../../../Engine/Content/EngineMaterials/PhAT_JointLimitMaterial.uexp" 234
"../../../Engine/Content/EngineMaterials/InvalidLightmapSettings.ubulk" 235
"../../../Engine/Content/EngineMaterials/InvalidLightmapSettings.uasset" 236
"../../../Engine/Content/EngineMaterials/InvalidLightmapSettings.uexp" 237
"../../../Engine/Content/EngineMaterials/M_InvalidLightmapSettings.uasset" 238
"../../../Engine/Content/EngineMaterials/M_InvalidLightmapSettings.uexp" 239
"../../../Engine/Content/EngineMaterials/GizmoMaterial.uasset" 240
"../../../Engine/Content/EngineMaterials/GizmoMaterial.uexp" 241
"../../../Engine/Content/EngineMaterials/BaseFlattenEmissiveMap_VT.uasset" 242
"../../../Engine/Content/EngineMaterials/BaseFlattenEmissiveMap_VT.uexp" 243
"../../../Engine/Content/EngineMaterials/BaseFlattenGrayscaleMap_VT.uasset" 244
"../../../Engine/Content/EngineMaterials/BaseFlattenGrayscaleMap_VT.uexp" 245
"../../../Engine/Content/EngineMaterials/BaseFlattenLinearColor_VT.uasset" 246
"../../../Engine/Content/EngineMaterials/BaseFlattenLinearColor_VT.uexp" 247
"../../../Engine/Content/EngineMaterials/Black_1x1_EXR_Texture_VT.uasset" 248
"../../../Engine/Content/EngineMaterials/Black_1x1_EXR_Texture_VT.uexp" 249
"../../../Engine/Content/EngineMaterials/BaseFlattenDiffuseMap_VT.uasset" 250
"../../../Engine/Content/EngineMaterials/BaseFlattenDiffuseMap_VT.uexp" 251
"../../../Engine/Content/EngineMaterials/BaseFlattenNormalMap_VT.uasset" 252
"../../../Engine/Content/EngineMaterials/BaseFlattenNormalMap_VT.uexp" 253
"../../../Engine/Content/EngineMaterials/FlattenMaterial_WS_Normal_VT.uasset" 254
"../../../Engine/Content/EngineMaterials/FlattenMaterial_WS_Normal_VT.uexp" 255
"../../../Engine/Content/EngineMaterials/FlattenMaterial_VT.uasset" 256
"../../../Engine/Content/EngineMaterials/FlattenMaterial_VT.uexp" 257
"../../../Engine/Content/EngineMaterials/BaseFlattenNormalMap.uasset" 258
"../../../Engine/Content/EngineMaterials/BaseFlattenNormalMap.uexp" 259
"../../../Engine/Content/EngineMaterials/BaseFlattenGrayscaleMap.uasset" 260
"../../../Engine/Content/EngineMaterials/BaseFlattenGrayscaleMap.uexp" 261
"../../../Engine/Content/EngineMaterials/BaseFlattenDiffuseMap.uasset" 262
"../../../Engine/Content/EngineMaterials/BaseFlattenDiffuseMap.uexp" 263
"../../../Engine/Content/Functions/Engine_MaterialFunctions02/PivotPainter2/Black_1x1_EXR_Texture.uasset" 264
"../../../Engine/Content/Functions/Engine_MaterialFunctions02/PivotPainter2/Black_1x1_EXR_Texture.uexp" 265
"../../../Engine/Content/EngineMaterials/BaseFlattenEmissiveMap.uasset" 266
"../../../Engine/Content/EngineMaterials/BaseFlattenEmissiveMap.uexp" 267
"../../../Engine/Content/EngineMaterials/BaseFlattenLinearColor.uasset" 268
"../../../Engine/Content/EngineMaterials/BaseFlattenLinearColor.uexp" 269
"../../../Engine/Content/EngineMaterials/FlattenMaterial.uasset" 270
"../../../Engine/Content/EngineMaterials/FlattenMaterial.uexp" 271
"../../../Engine/Content/EngineMaterials/DefaultWhiteGrid_Low.uasset" 272
"../../../Engine/Content/EngineMaterials/DefaultWhiteGrid_Low.uexp" 273
"../../../Engine/Content/EngineMaterials/EmissiveMeshMaterial.uasset" 274
"../../../Engine/Content/EngineMaterials/EmissiveMeshMaterial.uexp" 275
"../../../Engine/Content/EngineFonts/RobotoDistanceField.uasset" 276
"../../../Engine/Content/EngineFonts/RobotoDistanceField.uexp" 277
"../../../Engine/Content/EngineMaterials/DefaultTextMaterialOpaque.uasset" 278
"../../../Engine/Content/EngineMaterials/DefaultTextMaterialOpaque.uexp" 279
"../../../Engine/Content/EngineMaterials/DefaultDiffuse.ubulk" 280
"../../../Engine/Content/EngineMaterials/DefaultDiffuse.uasset" 281
"../../../Engine/Content/EngineMaterials/DefaultDiffuse.uexp" 282
"../../../Engine/Content/Functions/Engine_MaterialFunctions02/Utility/BreakOutFloat2Components.uasset" 283
"../../../Engine/Content/Functions/Engine_MaterialFunctions02/Utility/BreakOutFloat2Components.uexp" 284
"../../../Engine/Content/EngineMaterials/DefaultPostProcessMaterial.uasset" 285
"../../../Engine/Content/EngineMaterials/DefaultPostProcessMaterial.uexp" 286
"../../../Engine/Content/EngineMaterials/DefaultPhysicalMaterial.uasset" 287
"../../../Engine/Content/EngineMaterials/DefaultPhysicalMaterial.uexp" 288
"../../../Engine/Content/EngineMaterials/DefaultLightFunctionMaterial.uasset" 289
"../../../Engine/Content/EngineMaterials/DefaultLightFunctionMaterial.uexp" 290
"../../../Engine/Content/EngineMaterials/DefaultDestructiblePhysicalMaterial.uasset" 291
"../../../Engine/Content/EngineMaterials/DefaultDestructiblePhysicalMaterial.uexp" 292
"../../../Engine/Content/EngineMaterials/DefaultDeferredDecalMaterial.uasset" 293
"../../../Engine/Content/EngineMaterials/DefaultDeferredDecalMaterial.uexp" 294
"../../../Engine/Content/EngineMaterials/DefaultBloomKernel.uasset" 295
"../../../Engine/Content/EngineMaterials/DefaultBloomKernel.uexp" 296
"../../../Engine/Content/EngineResources/FilmGrains/Marcie_Grain_v3_128_M2_000.uasset" 297
"../../../Engine/Content/EngineResources/FilmGrains/Marcie_Grain_v3_128_M2_000.uexp" 298
"../../../Engine/Content/EngineSky/T_Sky_Stars.ubulk" 299
"../../../Engine/Content/EngineSky/T_Sky_Stars.uasset" 300
"../../../Engine/Content/EngineSky/T_Sky_Stars.uexp" 301
"../../../Engine/Content/EngineSky/T_Sky_Clouds_M.ubulk" 302
"../../../Engine/Content/EngineSky/T_Sky_Clouds_M.uasset" 303
"../../../Engine/Content/EngineSky/T_Sky_Clouds_M.uexp" 304
"../../../Engine/Content/EngineSky/T_Sky_Blue.ubulk" 305
"../../../Engine/Content/EngineSky/T_Sky_Blue.uasset" 306
"../../../Engine/Content/EngineSky/T_Sky_Blue.uexp" 307
"../../../Engine/Content/EngineSky/M_Sky_Panning_Clouds2.uasset" 308
"../../../Engine/Content/EngineSky/M_Sky_Panning_Clouds2.uexp" 309
"../../../Engine/Content/EngineSky/SM_SkySphere.ubulk" 310
"../../../Engine/Content/EngineSky/SM_SkySphere.uasset" 311
"../../../Engine/Content/EngineSky/SM_SkySphere.uexp" 312
"../../../Engine/Content/EngineSky/M_SimpleSkyDome.uasset" 313
"../../../Engine/Content/EngineSky/M_SimpleSkyDome.uexp" 314
"../../../Engine/Content/EngineSky/VolumetricClouds/CloudWeatherTexture.uasset" 315
"../../../Engine/Content/EngineSky/VolumetricClouds/CloudWeatherTexture.uexp" 316
"../../../Engine/Content/Functions/Engine_MaterialFunctions02/Utility/MakeFloat2.uasset" 317
"../../../Engine/Content/Functions/Engine_MaterialFunctions02/Utility/MakeFloat2.uexp" 318
"../../../Engine/Content/EngineSky/VolumetricClouds/CloudGradientTexture.uasset" 319
"../../../Engine/Content/EngineSky/VolumetricClouds/CloudGradientTexture.uexp" 320
"../../../Engine/Content/EngineSky/VolumetricClouds/T_NoiseShape64.ubulk" 321
"../../../Engine/Content/EngineSky/VolumetricClouds/T_NoiseShape64.uasset" 322
"../../../Engine/Content/EngineSky/VolumetricClouds/T_NoiseShape64.uexp" 323
"../../../Engine/Content/EngineSky/VolumetricClouds/T_VolumeNoiseShape64.uasset" 324
"../../../Engine/Content/EngineSky/VolumetricClouds/T_VolumeNoiseShape64.uexp" 325
"../../../Engine/Content/EngineSky/VolumetricClouds/T_NoiseErosion.ubulk" 326
"../../../Engine/Content/EngineSky/VolumetricClouds/T_NoiseErosion.uasset" 327
"../../../Engine/Content/EngineSky/VolumetricClouds/T_NoiseErosion.uexp" 328
"../../../Engine/Content/EngineSky/VolumetricClouds/T_VolumeNoiseErosion32.uasset" 329
"../../../Engine/Content/EngineSky/VolumetricClouds/T_VolumeNoiseErosion32.uexp" 330
"../../../Engine/Content/EngineSky/VolumetricClouds/m_SimpleVolumetricCloud.uasset" 331
"../../../Engine/Content/EngineSky/VolumetricClouds/m_SimpleVolumetricCloud.uexp" 332
"../../../Engine/Content/EngineSky/VolumetricClouds/m_SimpleVolumetricCloud_Inst.uasset" 333
"../../../Engine/Content/EngineSky/VolumetricClouds/m_SimpleVolumetricCloud_Inst.uexp" 334
"../../../Engine/Content/EngineSounds/Master.uasset" 335
"../../../Engine/Content/EngineSounds/Master.uexp" 336
"../../../Engine/Content/Functions/Engine_MaterialFunctions01/Shading/PowerToRoughness.uasset" 337
"../../../Engine/Content/Functions/Engine_MaterialFunctions01/Shading/PowerToRoughness.uexp" 338
"../../../Engine/Content/Maps/Templates/HLODs/HLODLayer_Merged.uasset" 339
"../../../Engine/Content/Maps/Templates/HLODs/HLODLayer_Merged.uexp" 340
"../../../Engine/Content/MobileResources/HUD/VirtualJoystick_Background.uasset" 341
"../../../Engine/Content/MobileResources/HUD/VirtualJoystick_Background.uexp" 342
"../../../Engine/Content/MobileResources/HUD/VirtualJoystick_Thumb.uasset" 343
"../../../Engine/Content/MobileResources/HUD/VirtualJoystick_Thumb.uexp" 344
"../../../Engine/Content/MobileResources/HUD/DefaultVirtualJoysticks.uasset" 345
"../../../Engine/Content/MobileResources/HUD/DefaultVirtualJoysticks.uexp" 346
"../../../Engine/Plugins/2D/Paper2D/Content/PlaceholderTextures/DummySpriteTexture.ubulk" 347
"../../../Engine/Plugins/2D/Paper2D/Content/PlaceholderTextures/DummySpriteTexture.uasset" 348
"../../../Engine/Plugins/2D/Paper2D/Content/PlaceholderTextures/DummySpriteTexture.uexp" 349
"../../../Engine/Plugins/2D/Paper2D/Content/DefaultSpriteMaterial.uasset" 350
"../../../Engine/Plugins/2D/Paper2D/Content/DefaultSpriteMaterial.uexp" 351
"../../../Engine/Plugins/2D/Paper2D/Content/OpaqueUnlitSpriteMaterial.uasset" 352
"../../../Engine/Plugins/2D/Paper2D/Content/OpaqueUnlitSpriteMaterial.uexp" 353
"../../../Engine/Plugins/2D/Paper2D/Content/MaskedUnlitSpriteMaterial.uasset" 354
"../../../Engine/Plugins/2D/Paper2D/Content/MaskedUnlitSpriteMaterial.uexp" 355
"../../../Engine/Plugins/2D/Paper2D/Content/DummySprite.uasset" 356
"../../../Engine/Plugins/2D/Paper2D/Content/DummySprite.uexp" 357
"../../../Engine/Plugins/2D/Paper2D/Content/DefaultPaperTerrainMaterial.uasset" 358
"../../../Engine/Plugins/2D/Paper2D/Content/DefaultPaperTerrainMaterial.uexp" 359
"../../../Engine/Plugins/Animation/ControlRig/Content/M_Manip.uasset" 360
"../../../Engine/Plugins/Animation/ControlRig/Content/M_Manip.uexp" 361
"../../../Engine/Plugins/Animation/ControlRig/Content/Controls/DefaultGizmoLibraryNormalized.uasset" 362
"../../../Engine/Plugins/Animation/ControlRig/Content/Controls/DefaultGizmoLibraryNormalized.uexp" 363
"../../../Engine/Plugins/Animation/ControlRig/Content/Controls/ControlRig_Wedge_solid.ubulk" 364
"../../../Engine/Plugins/Animation/ControlRig/Content/Controls/ControlRig_Wedge_solid.uasset" 365
"../../../Engine/Plugins/Animation/ControlRig/Content/Controls/ControlRig_Wedge_solid.uexp" 366
"../../../Engine/Plugins/Animation/ControlRig/Content/Controls/ControlRig_Wedge_3mm.ubulk" 367
"../../../Engine/Plugins/Animation/ControlRig/Content/Controls/ControlRig_Wedge_3mm.uasset" 368
"../../../Engine/Plugins/Animation/ControlRig/Content/Controls/ControlRig_Wedge_3mm.uexp" 369
"../../../Engine/Plugins/Animation/ControlRig/Content/Controls/ControlRig_Wedge_1mm.ubulk" 370
"../../../Engine/Plugins/Animation/ControlRig/Content/Controls/ControlRig_Wedge_1mm.uasset" 371
"../../../Engine/Plugins/Animation/ControlRig/Content/Controls/ControlRig_Wedge_1mm.uexp" 372
"../../../Engine/Plugins/Animation/ControlRig/Content/Controls/ControlRig_Triangle_solid.ubulk" 373
"../../../Engine/Plugins/Animation/ControlRig/Content/Controls/ControlRig_Triangle_solid.uasset" 374
"../../../Engine/Plugins/Animation/ControlRig/Content/Controls/ControlRig_Triangle_solid.uexp" 375
"../../../Engine/Plugins/Animation/ControlRig/Content/Controls/ControlRig_Triangle_3mm.ubulk" 376
"../../../Engine/Plugins/Animation/ControlRig/Content/Controls/ControlRig_Triangle_3mm.uasset" 377
"../../../Engine/Plugins/Animation/ControlRig/Content/Controls/ControlRig_Triangle_3mm.uexp" 378
"../../../Engine/Plugins/Animation/ControlRig/Content/Controls/ControlRig_Triangle_1mm.ubulk" 379
"../../../Engine/Plugins/Animation/ControlRig/Content/Controls/ControlRig_Triangle_1mm.uasset" 380
"../../../Engine/Plugins/Animation/ControlRig/Content/Controls/ControlRig_Triangle_1mm.uexp" 381
"../../../Engine/Plugins/Animation/ControlRig/Content/Controls/ControlRig_Star4_solid.ubulk" 382
"../../../Engine/Plugins/Animation/ControlRig/Content/Controls/ControlRig_Star4_solid.uasset" 383
"../../../Engine/Plugins/Animation/ControlRig/Content/Controls/ControlRig_Star4_solid.uexp" 384
"../../../Engine/Plugins/Animation/ControlRig/Content/Controls/ControlRig_Star4_3mm.ubulk" 385
"../../../Engine/Plugins/Animation/ControlRig/Content/Controls/ControlRig_Star4_3mm.uasset" 386
"../../../Engine/Plugins/Animation/ControlRig/Content/Controls/ControlRig_Star4_3mm.uexp" 387
"../../../Engine/Plugins/Animation/ControlRig/Content/Controls/ControlRig_Star4_1mm.ubulk" 388
"../../../Engine/Plugins/Animation/ControlRig/Content/Controls/ControlRig_Star4_1mm.uasset" 389
"../../../Engine/Plugins/Animation/ControlRig/Content/Controls/ControlRig_Star4_1mm.uexp" 390
"../../../Engine/Plugins/Animation/ControlRig/Content/Controls/ControlRig_Square_solid.ubulk" 391
"../../../Engine/Plugins/Animation/ControlRig/Content/Controls/ControlRig_Square_solid.uasset" 392
"../../../Engine/Plugins/Animation/ControlRig/Content/Controls/ControlRig_Square_solid.uexp" 393
"../../../Engine/Plugins/Animation/ControlRig/Content/Controls/ControlRig_Square_3mm.ubulk" 394
"../../../Engine/Plugins/Animation/ControlRig/Content/Controls/ControlRig_Square_3mm.uasset" 395
"../../../Engine/Plugins/Animation/ControlRig/Content/Controls/ControlRig_Square_3mm.uexp" 396
"../../../Engine/Plugins/Animation/ControlRig/Content/Controls/ControlRig_Square_1mm.ubulk" 397
"../../../Engine/Plugins/Animation/ControlRig/Content/Controls/ControlRig_Square_1mm.uasset" 398
"../../../Engine/Plugins/Animation/ControlRig/Content/Controls/ControlRig_Square_1mm.uexp" 399
"../../../Engine/Plugins/Animation/ControlRig/Content/Controls/ControlRig_Sphere_solid.ubulk" 400
"../../../Engine/Plugins/Animation/ControlRig/Content/Controls/ControlRig_Sphere_solid.uasset" 401
"../../../Engine/Plugins/Animation/ControlRig/Content/Controls/ControlRig_Sphere_solid.uexp" 402
"../../../Engine/Plugins/Animation/ControlRig/Content/Controls/ControlRig_Sphere_3mm.ubulk" 403
"../../../Engine/Plugins/Animation/ControlRig/Content/Controls/ControlRig_Sphere_3mm.uasset" 404
"../../../Engine/Plugins/Animation/ControlRig/Content/Controls/ControlRig_Sphere_3mm.uexp" 405
"../../../Engine/Plugins/Animation/ControlRig/Content/Controls/ControlRig_Sphere_1mm.ubulk" 406
"../../../Engine/Plugins/Animation/ControlRig/Content/Controls/ControlRig_Sphere_1mm.uasset" 407
"../../../Engine/Plugins/Animation/ControlRig/Content/Controls/ControlRig_Sphere_1mm.uexp" 408
"../../../Engine/Plugins/Animation/ControlRig/Content/Controls/ControlRig_RoundedTriangle_solid.ubulk" 409
"../../../Engine/Plugins/Animation/ControlRig/Content/Controls/ControlRig_RoundedTriangle_solid.uasset" 410
"../../../Engine/Plugins/Animation/ControlRig/Content/Controls/ControlRig_RoundedTriangle_solid.uexp" 411
"../../../Engine/Plugins/Animation/ControlRig/Content/Controls/ControlRig_RoundedTriangle_3mm.ubulk" 412
"../../../Engine/Plugins/Animation/ControlRig/Content/Controls/ControlRig_RoundedTriangle_3mm.uasset" 413
"../../../Engine/Plugins/Animation/ControlRig/Content/Controls/ControlRig_RoundedTriangle_3mm.uexp" 414
"../../../Engine/Plugins/Animation/ControlRig/Content/Controls/ControlRig_RoundedTriangle_1mm.ubulk" 415
"../../../Engine/Plugins/Animation/ControlRig/Content/Controls/ControlRig_RoundedTriangle_1mm.uasset" 416
"../../../Engine/Plugins/Animation/ControlRig/Content/Controls/ControlRig_RoundedTriangle_1mm.uexp" 417
"../../../Engine/Plugins/Animation/ControlRig/Content/Controls/ControlRig_RoundedSquare_solid.ubulk" 418
"../../../Engine/Plugins/Animation/ControlRig/Content/Controls/ControlRig_RoundedSquare_solid.uasset" 419
"../../../Engine/Plugins/Animation/ControlRig/Content/Controls/ControlRig_RoundedSquare_solid.uexp" 420
"../../../Engine/Plugins/Animation/ControlRig/Content/Controls/ControlRig_RoundedSquare_3mm.ubulk" 421
"../../../Engine/Plugins/Animation/ControlRig/Content/Controls/ControlRig_RoundedSquare_3mm.uasset" 422
"../../../Engine/Plugins/Animation/ControlRig/Content/Controls/ControlRig_RoundedSquare_3mm.uexp" 423
"../../../Engine/Plugins/Animation/ControlRig/Content/Controls/ControlRig_RoundedSquare_1mm.ubulk" 424
"../../../Engine/Plugins/Animation/ControlRig/Content/Controls/ControlRig_RoundedSquare_1mm.uasset" 425
"../../../Engine/Plugins/Animation/ControlRig/Content/Controls/ControlRig_RoundedSquare_1mm.uexp" 426
"../../../Engine/Plugins/Animation/ControlRig/Content/Controls/ControlRig_QuarterCircle_solid.ubulk" 427
"../../../Engine/Plugins/Animation/ControlRig/Content/Controls/ControlRig_QuarterCircle_solid.uasset" 428
"../../../Engine/Plugins/Animation/ControlRig/Content/Controls/ControlRig_QuarterCircle_solid.uexp" 429
"../../../Engine/Plugins/Animation/ControlRig/Content/Controls/ControlRig_QuarterCircle_3mm.ubulk" 430
"../../../Engine/Plugins/Animation/ControlRig/Content/Controls/ControlRig_QuarterCircle_3mm.uasset" 431
"../../../Engine/Plugins/Animation/ControlRig/Content/Controls/ControlRig_QuarterCircle_3mm.uexp" 432
"../../../Engine/Plugins/Animation/ControlRig/Content/Controls/ControlRig_QuarterCircle_1mm.ubulk" 433
"../../../Engine/Plugins/Animation/ControlRig/Content/Controls/ControlRig_QuarterCircle_1mm.uasset" 434
"../../../Engine/Plugins/Animation/ControlRig/Content/Controls/ControlRig_QuarterCircle_1mm.uexp" 435
"../../../Engine/Plugins/Animation/ControlRig/Content/Controls/ControlRig_Pyramid_solid.ubulk" 436
"../../../Engine/Plugins/Animation/ControlRig/Content/Controls/ControlRig_Pyramid_solid.uasset" 437
"../../../Engine/Plugins/Animation/ControlRig/Content/Controls/ControlRig_Pyramid_solid.uexp" 438
"../../../Engine/Plugins/Animation/ControlRig/Content/Controls/ControlRig_Pyramid_3mm.ubulk" 439
"../../../Engine/Plugins/Animation/ControlRig/Content/Controls/ControlRig_Pyramid_3mm.uasset" 440
"../../../Engine/Plugins/Animation/ControlRig/Content/Controls/ControlRig_Pyramid_3mm.uexp" 441
"../../../Engine/Plugins/Animation/ControlRig/Content/Controls/ControlRig_Pyramid_1mm.ubulk" 442
"../../../Engine/Plugins/Animation/ControlRig/Content/Controls/ControlRig_Pyramid_1mm.uasset" 443
"../../../Engine/Plugins/Animation/ControlRig/Content/Controls/ControlRig_Pyramid_1mm.uexp" 444
"../../../Engine/Plugins/Animation/ControlRig/Content/Controls/ControlRig_Octagon_solid.ubulk" 445
"../../../Engine/Plugins/Animation/ControlRig/Content/Controls/ControlRig_Octagon_solid.uasset" 446
"../../../Engine/Plugins/Animation/ControlRig/Content/Controls/ControlRig_Octagon_solid.uexp" 447
"../../../Engine/Plugins/Animation/ControlRig/Content/Controls/ControlRig_Octagon_3mm.ubulk" 448
"../../../Engine/Plugins/Animation/ControlRig/Content/Controls/ControlRig_Octagon_3mm.uasset" 449
"../../../Engine/Plugins/Animation/ControlRig/Content/Controls/ControlRig_Octagon_3mm.uexp" 450
"../../../Engine/Plugins/Animation/ControlRig/Content/Controls/ControlRig_Octagon_1mm.ubulk" 451
"../../../Engine/Plugins/Animation/ControlRig/Content/Controls/ControlRig_Octagon_1mm.uasset" 452
"../../../Engine/Plugins/Animation/ControlRig/Content/Controls/ControlRig_Octagon_1mm.uexp" 453
"../../../Engine/Plugins/Animation/ControlRig/Content/Controls/ControlRig_Hexagon_solid.ubulk" 454
"../../../Engine/Plugins/Animation/ControlRig/Content/Controls/ControlRig_Hexagon_solid.uasset" 455
"../../../Engine/Plugins/Animation/ControlRig/Content/Controls/ControlRig_Hexagon_solid.uexp" 456
"../../../Engine/Plugins/Animation/ControlRig/Content/Controls/ControlRig_Hexagon_3mm.ubulk" 457
"../../../Engine/Plugins/Animation/ControlRig/Content/Controls/ControlRig_Hexagon_3mm.uasset" 458
"../../../Engine/Plugins/Animation/ControlRig/Content/Controls/ControlRig_Hexagon_3mm.uexp" 459
"../../../Engine/Plugins/Animation/ControlRig/Content/Controls/ControlRig_Hexagon_1mm.ubulk" 460
"../../../Engine/Plugins/Animation/ControlRig/Content/Controls/ControlRig_Hexagon_1mm.uasset" 461
"../../../Engine/Plugins/Animation/ControlRig/Content/Controls/ControlRig_Hexagon_1mm.uexp" 462
"../../../Engine/Plugins/Animation/ControlRig/Content/Controls/ControlRig_HalfCircle_solid.ubulk" 463
"../../../Engine/Plugins/Animation/ControlRig/Content/Controls/ControlRig_HalfCircle_solid.uasset" 464
"../../../Engine/Plugins/Animation/ControlRig/Content/Controls/ControlRig_HalfCircle_solid.uexp" 465
"../../../Engine/Plugins/Animation/ControlRig/Content/Controls/ControlRig_HalfCircle_3mm.ubulk" 466
"../../../Engine/Plugins/Animation/ControlRig/Content/Controls/ControlRig_HalfCircle_3mm.uasset" 467
"../../../Engine/Plugins/Animation/ControlRig/Content/Controls/ControlRig_HalfCircle_3mm.uexp" 468
"../../../Engine/Plugins/Animation/ControlRig/Content/Controls/ControlRig_HalfCircle_1mm.ubulk" 469
"../../../Engine/Plugins/Animation/ControlRig/Content/Controls/ControlRig_HalfCircle_1mm.uasset" 470
"../../../Engine/Plugins/Animation/ControlRig/Content/Controls/ControlRig_HalfCircle_1mm.uexp" 471
"../../../Engine/Plugins/Animation/ControlRig/Content/Controls/ControlRig_Diamond_solid.ubulk" 472
"../../../Engine/Plugins/Animation/ControlRig/Content/Controls/ControlRig_Diamond_solid.uasset" 473
"../../../Engine/Plugins/Animation/ControlRig/Content/Controls/ControlRig_Diamond_solid.uexp" 474
"../../../Engine/Plugins/Animation/ControlRig/Content/Controls/ControlRig_Diamond_3mm.ubulk" 475
"../../../Engine/Plugins/Animation/ControlRig/Content/Controls/ControlRig_Diamond_3mm.uasset" 476
"../../../Engine/Plugins/Animation/ControlRig/Content/Controls/ControlRig_Diamond_3mm.uexp" 477
"../../../Engine/Plugins/Animation/ControlRig/Content/Controls/ControlRig_Diamond_1mm.ubulk" 478
"../../../Engine/Plugins/Animation/ControlRig/Content/Controls/ControlRig_Diamond_1mm.uasset" 479
"../../../Engine/Plugins/Animation/ControlRig/Content/Controls/ControlRig_Diamond_1mm.uexp" 480
"../../../Engine/Plugins/Animation/ControlRig/Content/Controls/ControlRig_Circle_solid.ubulk" 481
"../../../Engine/Plugins/Animation/ControlRig/Content/Controls/ControlRig_Circle_solid.uasset" 482
"../../../Engine/Plugins/Animation/ControlRig/Content/Controls/ControlRig_Circle_solid.uexp" 483
"../../../Engine/Plugins/Animation/ControlRig/Content/Controls/ControlRig_Circle_3mm.ubulk" 484
"../../../Engine/Plugins/Animation/ControlRig/Content/Controls/ControlRig_Circle_3mm.uasset" 485
"../../../Engine/Plugins/Animation/ControlRig/Content/Controls/ControlRig_Circle_3mm.uexp" 486
"../../../Engine/Plugins/Animation/ControlRig/Content/Controls/ControlRig_Circle_1mm.ubulk" 487
"../../../Engine/Plugins/Animation/ControlRig/Content/Controls/ControlRig_Circle_1mm.uasset" 488
"../../../Engine/Plugins/Animation/ControlRig/Content/Controls/ControlRig_Circle_1mm.uexp" 489
"../../../Engine/Plugins/Animation/ControlRig/Content/Controls/ControlRig_Box_solid.ubulk" 490
"../../../Engine/Plugins/Animation/ControlRig/Content/Controls/ControlRig_Box_solid.uasset" 491
"../../../Engine/Plugins/Animation/ControlRig/Content/Controls/ControlRig_Box_solid.uexp" 492
"../../../Engine/Plugins/Animation/ControlRig/Content/Controls/ControlRig_Box_3mm.ubulk" 493
"../../../Engine/Plugins/Animation/ControlRig/Content/Controls/ControlRig_Box_3mm.uasset" 494
"../../../Engine/Plugins/Animation/ControlRig/Content/Controls/ControlRig_Box_3mm.uexp" 495
"../../../Engine/Plugins/Animation/ControlRig/Content/Controls/ControlRig_Box_1mm.ubulk" 496
"../../../Engine/Plugins/Animation/ControlRig/Content/Controls/ControlRig_Box_1mm.uasset" 497
"../../../Engine/Plugins/Animation/ControlRig/Content/Controls/ControlRig_Box_1mm.uexp" 498
"../../../Engine/Plugins/Animation/ControlRig/Content/Controls/ControlRig_Arrow_solid.ubulk" 499
"../../../Engine/Plugins/Animation/ControlRig/Content/Controls/ControlRig_Arrow_solid.uasset" 500
"../../../Engine/Plugins/Animation/ControlRig/Content/Controls/ControlRig_Arrow_solid.uexp" 501
"../../../Engine/Plugins/Animation/ControlRig/Content/Controls/ControlRig_Arrow_3mm.ubulk" 502
"../../../Engine/Plugins/Animation/ControlRig/Content/Controls/ControlRig_Arrow_3mm.uasset" 503
"../../../Engine/Plugins/Animation/ControlRig/Content/Controls/ControlRig_Arrow_3mm.uexp" 504
"../../../Engine/Plugins/Animation/ControlRig/Content/Controls/ControlRig_Arrow_1mm.ubulk" 505
"../../../Engine/Plugins/Animation/ControlRig/Content/Controls/ControlRig_Arrow_1mm.uasset" 506
"../../../Engine/Plugins/Animation/ControlRig/Content/Controls/ControlRig_Arrow_1mm.uexp" 507
"../../../Engine/Plugins/Animation/ControlRig/Content/Controls/ControlRig_Arrow4_solid.ubulk" 508
"../../../Engine/Plugins/Animation/ControlRig/Content/Controls/ControlRig_Arrow4_solid.uasset" 509
"../../../Engine/Plugins/Animation/ControlRig/Content/Controls/ControlRig_Arrow4_solid.uexp" 510
"../../../Engine/Plugins/Animation/ControlRig/Content/Controls/ControlRig_Arrow4_3mm.ubulk" 511
"../../../Engine/Plugins/Animation/ControlRig/Content/Controls/ControlRig_Arrow4_3mm.uasset" 512
"../../../Engine/Plugins/Animation/ControlRig/Content/Controls/ControlRig_Arrow4_3mm.uexp" 513
"../../../Engine/Plugins/Animation/ControlRig/Content/Controls/ControlRig_Arrow4_1mm.ubulk" 514
"../../../Engine/Plugins/Animation/ControlRig/Content/Controls/ControlRig_Arrow4_1mm.uasset" 515
"../../../Engine/Plugins/Animation/ControlRig/Content/Controls/ControlRig_Arrow4_1mm.uexp" 516
"../../../Engine/Plugins/Animation/ControlRig/Content/Controls/ControlRig_Arrow2_solid.ubulk" 517
"../../../Engine/Plugins/Animation/ControlRig/Content/Controls/ControlRig_Arrow2_solid.uasset" 518
"../../../Engine/Plugins/Animation/ControlRig/Content/Controls/ControlRig_Arrow2_solid.uexp" 519
"../../../Engine/Plugins/Animation/ControlRig/Content/Controls/ControlRig_Arrow2_3mm.ubulk" 520
"../../../Engine/Plugins/Animation/ControlRig/Content/Controls/ControlRig_Arrow2_3mm.uasset" 521
"../../../Engine/Plugins/Animation/ControlRig/Content/Controls/ControlRig_Arrow2_3mm.uexp" 522
"../../../Engine/Plugins/Animation/ControlRig/Content/Controls/ControlRig_Arrow2_1mm.ubulk" 523
"../../../Engine/Plugins/Animation/ControlRig/Content/Controls/ControlRig_Arrow2_1mm.uasset" 524
"../../../Engine/Plugins/Animation/ControlRig/Content/Controls/ControlRig_Arrow2_1mm.uexp" 525
"../../../Engine/Plugins/Animation/ControlRig/Content/Controls/ControlRigXRayMaterial.uasset" 526
"../../../Engine/Plugins/Animation/ControlRig/Content/Controls/ControlRigXRayMaterial.uexp" 527
"../../../Engine/Plugins/Animation/ControlRig/Content/Controls/ControlRigGizmoMaterial.uasset" 528
"../../../Engine/Plugins/Animation/ControlRig/Content/Controls/ControlRigGizmoMaterial.uexp" 529
"../../../Engine/Plugins/Editor/SpeedTreeImporter/Content/SpeedTree9/game_wind_noise.ubulk" 530
"../../../Engine/Plugins/Editor/SpeedTreeImporter/Content/SpeedTree9/game_wind_noise.uasset" 531
"../../../Engine/Plugins/Editor/SpeedTreeImporter/Content/SpeedTree9/game_wind_noise.uexp" 532
"../../../Engine/Plugins/Editor/SpeedTreeImporter/Content/SpeedTree9/UnpackDirection.uasset" 533
"../../../Engine/Plugins/Editor/SpeedTreeImporter/Content/SpeedTree9/UnpackDirection.uexp" 534
"../../../Engine/Content/Functions/Engine_MaterialFunctions02/ObjectLocalBounds.uasset" 535
"../../../Engine/Content/Functions/Engine_MaterialFunctions02/ObjectLocalBounds.uexp" 536
"../../../Engine/Content/Functions/Engine_MaterialFunctions02/UVs/BoundingBoxBased_0-1_UVW.uasset" 537
"../../../Engine/Content/Functions/Engine_MaterialFunctions02/UVs/BoundingBoxBased_0-1_UVW.uexp" 538
"../../../Engine/Content/Functions/Engine_MaterialFunctions02/Utility/VectorLength.uasset" 539
"../../../Engine/Content/Functions/Engine_MaterialFunctions02/Utility/VectorLength.uexp" 540
"../../../Engine/Plugins/Editor/SpeedTreeImporter/Content/SpeedTree9/UnpackInteger3.uasset" 541
"../../../Engine/Plugins/Editor/SpeedTreeImporter/Content/SpeedTree9/UnpackInteger3.uexp" 542
"../../../Engine/Plugins/Editor/SpeedTreeImporter/Content/SpeedTree9/SpeedTreeCameraFacing.uasset" 543
"../../../Engine/Plugins/Editor/SpeedTreeImporter/Content/SpeedTree9/SpeedTreeCameraFacing.uexp" 544
"../../../Engine/Content/Functions/Engine_MaterialFunctions02/WorldPositionOffset/ObjectScale.uasset" 545
"../../../Engine/Content/Functions/Engine_MaterialFunctions02/WorldPositionOffset/ObjectScale.uexp" 546
"../../../Engine/Content/Functions/Engine_MaterialFunctions02/SafeNormalize.uasset" 547
"../../../Engine/Content/Functions/Engine_MaterialFunctions02/SafeNormalize.uexp" 548
"../../../Engine/Plugins/Editor/SpeedTreeImporter/Content/SpeedTree9/SpeedTreeWindMotion.uasset" 549
"../../../Engine/Plugins/Editor/SpeedTreeImporter/Content/SpeedTree9/SpeedTreeWindMotion.uexp" 550
"../../../Engine/Plugins/Editor/SpeedTreeImporter/Content/SpeedTree9/SpeedTreeBranchMotion.uasset" 551
"../../../Engine/Plugins/Editor/SpeedTreeImporter/Content/SpeedTree9/SpeedTreeBranchMotion.uexp" 552
"../../../Engine/Plugins/Editor/SpeedTreeImporter/Content/SpeedTree9/SpeedTreeWind.uasset" 553
"../../../Engine/Plugins/Editor/SpeedTreeImporter/Content/SpeedTree9/SpeedTreeWind.uexp" 554
"../../../Engine/Plugins/Editor/SpeedTreeImporter/Content/SpeedTree9/EmptyNormal.uasset" 555
"../../../Engine/Plugins/Editor/SpeedTreeImporter/Content/SpeedTree9/EmptyNormal.uexp" 556
"../../../Engine/Plugins/Editor/SpeedTreeImporter/Content/SpeedTree9/Empty.uasset" 557
"../../../Engine/Plugins/Editor/SpeedTreeImporter/Content/SpeedTree9/Empty.uexp" 558
"../../../Engine/Plugins/Editor/SpeedTreeImporter/Content/SpeedTree9/SpeedTreeMaster.uasset" 559
"../../../Engine/Plugins/Editor/SpeedTreeImporter/Content/SpeedTree9/SpeedTreeMaster.uexp" 560
"../../../Engine/Plugins/Editor/SpeedTreeImporter/Content/SpeedTree9/SpeedTreeBillboard.uasset" 561
"../../../Engine/Plugins/Editor/SpeedTreeImporter/Content/SpeedTree9/SpeedTreeBillboard.uexp" 562
"../../../Engine/Plugins/Editor/SpeedTreeImporter/Content/SpeedTree9/SpeedTreeBillboardMaster.uasset" 563
"../../../Engine/Plugins/Editor/SpeedTreeImporter/Content/SpeedTree9/SpeedTreeBillboardMaster.uexp" 564
"../../../Engine/Content/Functions/Engine_MaterialFunctions02/Texturing/CustomRotator.uasset" 565
"../../../Engine/Content/Functions/Engine_MaterialFunctions02/Texturing/CustomRotator.uexp" 566
"../../../Engine/Content/Functions/Engine_MaterialFunctions02/Texturing/ScreenAlignedPixelToPixelUVs.uasset" 567
"../../../Engine/Content/Functions/Engine_MaterialFunctions02/Texturing/ScreenAlignedPixelToPixelUVs.uexp" 568
"../../../Engine/Plugins/Interchange/Runtime/Content/Utilities/T_Bayer64_Grayscale_64px.uasset" 569
"../../../Engine/Plugins/Interchange/Runtime/Content/Utilities/T_Bayer64_Grayscale_64px.uexp" 570
"../../../Engine/Plugins/Interchange/Runtime/Content/gltf/MaterialFunctions/MF_Temporal_Blur.uasset" 571
"../../../Engine/Plugins/Interchange/Runtime/Content/gltf/MaterialFunctions/MF_Temporal_Blur.uexp" 572
"../../../Engine/Plugins/Interchange/Runtime/Content/gltf/MaterialFunctions/MF_Fresnel_DS.uasset" 573
"../../../Engine/Plugins/Interchange/Runtime/Content/gltf/MaterialFunctions/MF_Fresnel_DS.uexp" 574
"../../../Engine/Plugins/Interchange/Runtime/Content/Functions/MX_Transmission.uasset" 575
"../../../Engine/Plugins/Interchange/Runtime/Content/Functions/MX_Transmission.uexp" 576
"../../../Engine/Plugins/Interchange/Runtime/Content/Functions/MF_OrenNayerView.uasset" 577
"../../../Engine/Plugins/Interchange/Runtime/Content/Functions/MF_OrenNayerView.uexp" 578
"../../../Engine/Plugins/Interchange/Runtime/Content/Functions/MF_SchlickApprox.uasset" 579
"../../../Engine/Plugins/Interchange/Runtime/Content/Functions/MF_SchlickApprox.uexp" 580
"../../../Engine/Plugins/Interchange/Runtime/Content/Utilities/New_LUT.uasset" 581
"../../../Engine/Plugins/Interchange/Runtime/Content/Utilities/New_LUT.uexp" 582
"../../../Engine/Content/Functions/Engine_MaterialFunctions03/Math/RemapValueRange.uasset" 583
"../../../Engine/Content/Functions/Engine_MaterialFunctions03/Math/RemapValueRange.uexp" 584
"../../../Engine/Plugins/Interchange/Runtime/Content/Functions/MF_Iridescence.uasset" 585
"../../../Engine/Plugins/Interchange/Runtime/Content/Functions/MF_Iridescence.uexp" 586
"../../../Engine/Plugins/Interchange/Runtime/Content/Functions/MX_StandardSurface.uasset" 587
"../../../Engine/Plugins/Interchange/Runtime/Content/Functions/MX_StandardSurface.uexp" 588
"../../../Engine/Plugins/Interchange/Runtime/Content/Functions/MX_TransmissionSurface.uasset" 589
"../../../Engine/Plugins/Interchange/Runtime/Content/Functions/MX_TransmissionSurface.uexp" 590
"../../../Engine/Content/Functions/Engine_MaterialFunctions02/Math/AddComponents.uasset" 591
"../../../Engine/Content/Functions/Engine_MaterialFunctions02/Math/AddComponents.uexp" 592
"../../../Engine/Content/Functions/Engine_MaterialFunctions02/WorldPositionOffset/V2/ObjectScale.uasset" 593
"../../../Engine/Content/Functions/Engine_MaterialFunctions02/WorldPositionOffset/V2/ObjectScale.uexp" 594
"../../../Engine/Plugins/Interchange/Runtime/Content/gltf/MaterialFunctions/MF_TransmissionOpacity.uasset" 595
"../../../Engine/Plugins/Interchange/Runtime/Content/gltf/MaterialFunctions/MF_TransmissionOpacity.uexp" 596
"../../../Engine/Plugins/Interchange/Runtime/Content/gltf/MaterialFunctions/MF_RotateV2.uasset" 597
"../../../Engine/Plugins/Interchange/Runtime/Content/gltf/MaterialFunctions/MF_RotateV2.uexp" 598
"../../../Engine/Plugins/Interchange/Runtime/Content/gltf/MaterialFunctions/MF_TransformUVs.uasset" 599
"../../../Engine/Plugins/Interchange/Runtime/Content/gltf/MaterialFunctions/MF_TransformUVs.uexp" 600
"../../../Engine/Plugins/Interchange/Runtime/Content/gltf/Textures/T_White_srgb.uasset" 601
"../../../Engine/Plugins/Interchange/Runtime/Content/gltf/Textures/T_White_srgb.uexp" 602
"../../../Engine/Plugins/Interchange/Runtime/Content/gltf/MaterialFunctions/MF_BaseColor.uasset" 603
"../../../Engine/Plugins/Interchange/Runtime/Content/gltf/MaterialFunctions/MF_BaseColor.uexp" 604
"../../../Engine/Plugins/Interchange/Runtime/Content/gltf/MaterialFunctions/MF_DiffuseSpecGloss.uasset" 605
"../../../Engine/Plugins/Interchange/Runtime/Content/gltf/MaterialFunctions/MF_DiffuseSpecGloss.uexp" 606
"../../../Engine/Plugins/Interchange/Runtime/Content/gltf/Textures/T_White_Linear.uasset" 607
"../../../Engine/Plugins/Interchange/Runtime/Content/gltf/Textures/T_White_Linear.uexp" 608
"../../../Engine/Plugins/Interchange/Runtime/Content/gltf/MaterialFunctions/MF_MetallicRoughness.uasset" 609
"../../../Engine/Plugins/Interchange/Runtime/Content/gltf/MaterialFunctions/MF_MetallicRoughness.uexp" 610
"../../../Engine/Plugins/Interchange/Runtime/Content/gltf/MaterialFunctions/MF_Transmission.uasset" 611
"../../../Engine/Plugins/Interchange/Runtime/Content/gltf/MaterialFunctions/MF_Transmission.uexp" 612
"../../../Engine/Plugins/Interchange/Runtime/Content/gltf/MaterialFunctions/MF_Occlusion.uasset" 613
"../../../Engine/Plugins/Interchange/Runtime/Content/gltf/MaterialFunctions/MF_Occlusion.uexp" 614
"../../../Engine/Plugins/Interchange/Runtime/Content/gltf/MaterialFunctions/MF_Specular.uasset" 615
"../../../Engine/Plugins/Interchange/Runtime/Content/gltf/MaterialFunctions/MF_Specular.uexp" 616
"../../../Engine/Plugins/Interchange/Runtime/Content/gltf/MaterialFunctions/MF_IOR.uasset" 617
"../../../Engine/Plugins/Interchange/Runtime/Content/gltf/MaterialFunctions/MF_IOR.uexp" 618
"../../../Engine/Content/Functions/Engine_MaterialFunctions01/Texturing/FlattenNormal.uasset" 619
"../../../Engine/Content/Functions/Engine_MaterialFunctions01/Texturing/FlattenNormal.uexp" 620
"../../../Engine/Content/Functions/Engine_MaterialFunctions02/Math/Transform3x3Matrix.uasset" 621
"../../../Engine/Content/Functions/Engine_MaterialFunctions02/Math/Transform3x3Matrix.uexp" 622
"../../../Engine/Plugins/Interchange/Runtime/Content/gltf/MaterialFunctions/MF_RotateNormals_TS.uasset" 623
"../../../Engine/Plugins/Interchange/Runtime/Content/gltf/MaterialFunctions/MF_RotateNormals_TS.uexp" 624
"../../../Engine/Plugins/Interchange/Runtime/Content/gltf/Textures/T_Generic_N.uasset" 625
"../../../Engine/Plugins/Interchange/Runtime/Content/gltf/Textures/T_Generic_N.uexp" 626
"../../../Engine/Plugins/Interchange/Runtime/Content/gltf/MaterialFunctions/MF_Normals.uasset" 627
"../../../Engine/Plugins/Interchange/Runtime/Content/gltf/MaterialFunctions/MF_Normals.uexp" 628
"../../../Engine/Plugins/Interchange/Runtime/Content/gltf/MaterialFunctions/MF_PerceivedBrightness.uasset" 629
"../../../Engine/Plugins/Interchange/Runtime/Content/gltf/MaterialFunctions/MF_PerceivedBrightness.uexp" 630
"../../../Engine/Plugins/Interchange/Runtime/Content/gltf/MaterialFunctions/MF_SpecGlossToMetalRoughness.uasset" 631
"../../../Engine/Plugins/Interchange/Runtime/Content/gltf/MaterialFunctions/MF_SpecGlossToMetalRoughness.uexp" 632
"../../../Engine/Plugins/Interchange/Runtime/Content/gltf/M_Transmission.uasset" 633
"../../../Engine/Plugins/Interchange/Runtime/Content/gltf/M_Transmission.uexp" 634
"../../../Engine/Plugins/Interchange/Runtime/Content/gltf/MaterialInstances_MR/MI_Transmission_TS.uasset" 635
"../../../Engine/Plugins/Interchange/Runtime/Content/gltf/MaterialInstances_MR/MI_Transmission_TS.uexp" 636
"../../../Engine/Plugins/Interchange/Runtime/Content/gltf/MaterialInstances_MR/MI_Transmission.uasset" 637
"../../../Engine/Plugins/Interchange/Runtime/Content/gltf/MaterialInstances_MR/MI_Transmission.uexp" 638
"../../../Engine/Plugins/Interchange/Runtime/Content/gltf/MaterialFunctions/MF_Clearcoat.uasset" 639
"../../../Engine/Plugins/Interchange/Runtime/Content/gltf/MaterialFunctions/MF_Clearcoat.uexp" 640
"../../../Engine/Plugins/Interchange/Runtime/Content/gltf/MaterialFunctions/MF_Emissive.uasset" 641
"../../../Engine/Plugins/Interchange/Runtime/Content/gltf/MaterialFunctions/MF_Emissive.uexp" 642
"../../../Engine/Plugins/Interchange/Runtime/Content/gltf/M_Translucent.uasset" 643
"../../../Engine/Plugins/Interchange/Runtime/Content/gltf/M_Translucent.uexp" 644
"../../../Engine/Plugins/Interchange/Runtime/Content/gltf/MaterialInstances_MR/MI_Translucent_TS.uasset" 645
"../../../Engine/Plugins/Interchange/Runtime/Content/gltf/MaterialInstances_MR/MI_Translucent_TS.uexp" 646
"../../../Engine/Plugins/Interchange/Runtime/Content/gltf/MaterialInstances_MR/MI_Translucent_ClearCoat_TS.uasset" 647
"../../../Engine/Plugins/Interchange/Runtime/Content/gltf/MaterialInstances_MR/MI_Translucent_ClearCoat_TS.uexp" 648
"../../../Engine/Plugins/Interchange/Runtime/Content/gltf/MaterialInstances_MR/MI_Translucent_ClearCoat.uasset" 649
"../../../Engine/Plugins/Interchange/Runtime/Content/gltf/MaterialInstances_MR/MI_Translucent_ClearCoat.uexp" 650
"../../../Engine/Plugins/Interchange/Runtime/Content/gltf/MaterialInstances_MR/MI_Translucent.uasset" 651
"../../../Engine/Plugins/Interchange/Runtime/Content/gltf/MaterialInstances_MR/MI_Translucent.uexp" 652
"../../../Engine/Plugins/Interchange/Runtime/Content/gltf/M_Unlit.uasset" 653
"../../../Engine/Plugins/Interchange/Runtime/Content/gltf/M_Unlit.uexp" 654
"../../../Engine/Plugins/Interchange/Runtime/Content/gltf/MaterialInstances_MR/MI_Opaque_Unlit_TS.uasset" 655
"../../../Engine/Plugins/Interchange/Runtime/Content/gltf/MaterialInstances_MR/MI_Opaque_Unlit_TS.uexp" 656
"../../../Engine/Plugins/Interchange/Runtime/Content/gltf/MaterialInstances_MR/MI_Opaque_Unlit.uasset" 657
"../../../Engine/Plugins/Interchange/Runtime/Content/gltf/MaterialInstances_MR/MI_Opaque_Unlit.uexp" 658
"../../../Engine/Plugins/Interchange/Runtime/Content/gltf/M_Opaque.uasset" 659
"../../../Engine/Plugins/Interchange/Runtime/Content/gltf/M_Opaque.uexp" 660
"../../../Engine/Plugins/Interchange/Runtime/Content/gltf/MaterialInstances_MR/MI_Opaque_TS.uasset" 661
"../../../Engine/Plugins/Interchange/Runtime/Content/gltf/MaterialInstances_MR/MI_Opaque_TS.uexp" 662
"../../../Engine/Plugins/Interchange/Runtime/Content/gltf/MaterialFunctions/MF_Sheen.uasset" 663
"../../../Engine/Plugins/Interchange/Runtime/Content/gltf/MaterialFunctions/MF_Sheen.uexp" 664
"../../../Engine/Content/Functions/Engine_MaterialFunctions01/Shading/FuzzyShading.uasset" 665
"../../../Engine/Content/Functions/Engine_MaterialFunctions01/Shading/FuzzyShading.uexp" 666
"../../../Engine/Plugins/Interchange/Runtime/Content/gltf/M_Sheen.uasset" 667
"../../../Engine/Plugins/Interchange/Runtime/Content/gltf/M_Sheen.uexp" 668
"../../../Engine/Plugins/Interchange/Runtime/Content/gltf/MaterialInstances_MR/MI_Opaque_Sheen_TS.uasset" 669
"../../../Engine/Plugins/Interchange/Runtime/Content/gltf/MaterialInstances_MR/MI_Opaque_Sheen_TS.uexp" 670
"../../../Engine/Plugins/Interchange/Runtime/Content/gltf/MaterialInstances_MR/MI_Opaque_Sheen.uasset" 671
"../../../Engine/Plugins/Interchange/Runtime/Content/gltf/MaterialInstances_MR/MI_Opaque_Sheen.uexp" 672
"../../../Engine/Plugins/Interchange/Runtime/Content/gltf/MaterialInstances_MR/MI_Opaque_ClearCoat_TS.uasset" 673
"../../../Engine/Plugins/Interchange/Runtime/Content/gltf/MaterialInstances_MR/MI_Opaque_ClearCoat_TS.uexp" 674
"../../../Engine/Plugins/Interchange/Runtime/Content/gltf/MaterialInstances_MR/MI_Opaque_ClearCoat.uasset" 675
"../../../Engine/Plugins/Interchange/Runtime/Content/gltf/MaterialInstances_MR/MI_Opaque_ClearCoat.uexp" 676
"../../../Engine/Plugins/Interchange/Runtime/Content/gltf/MaterialInstances_MR/MI_Opaque.uasset" 677
"../../../Engine/Plugins/Interchange/Runtime/Content/gltf/MaterialInstances_MR/MI_Opaque.uexp" 678
"../../../Engine/Plugins/Interchange/Runtime/Content/gltf/MaterialInstances_SG/MI_Transmission_TS.uasset" 679
"../../../Engine/Plugins/Interchange/Runtime/Content/gltf/MaterialInstances_SG/MI_Transmission_TS.uexp" 680
"../../../Engine/Plugins/Interchange/Runtime/Content/gltf/MaterialInstances_SG/MI_Transmission.uasset" 681
"../../../Engine/Plugins/Interchange/Runtime/Content/gltf/MaterialInstances_SG/MI_Transmission.uexp" 682
"../../../Engine/Plugins/Interchange/Runtime/Content/gltf/MaterialInstances_SG/MI_Translucent_TS.uasset" 683
"../../../Engine/Plugins/Interchange/Runtime/Content/gltf/MaterialInstances_SG/MI_Translucent_TS.uexp" 684
"../../../Engine/Plugins/Interchange/Runtime/Content/gltf/MaterialInstances_SG/MI_Translucent_ClearCoat_TS.uasset" 685
"../../../Engine/Plugins/Interchange/Runtime/Content/gltf/MaterialInstances_SG/MI_Translucent_ClearCoat_TS.uexp" 686
"../../../Engine/Plugins/Interchange/Runtime/Content/gltf/MaterialInstances_SG/MI_Translucent_ClearCoat.uasset" 687
"../../../Engine/Plugins/Interchange/Runtime/Content/gltf/MaterialInstances_SG/MI_Translucent_ClearCoat.uexp" 688
"../../../Engine/Plugins/Interchange/Runtime/Content/gltf/MaterialInstances_SG/MI_Translucent.uasset" 689
"../../../Engine/Plugins/Interchange/Runtime/Content/gltf/MaterialInstances_SG/MI_Translucent.uexp" 690
"../../../Engine/Plugins/Interchange/Runtime/Content/gltf/MaterialInstances_SG/MI_Opaque_TS.uasset" 691
"../../../Engine/Plugins/Interchange/Runtime/Content/gltf/MaterialInstances_SG/MI_Opaque_TS.uexp" 692
"../../../Engine/Plugins/Interchange/Runtime/Content/gltf/MaterialInstances_SG/MI_Opaque_Sheen_TS.uasset" 693
"../../../Engine/Plugins/Interchange/Runtime/Content/gltf/MaterialInstances_SG/MI_Opaque_Sheen_TS.uexp" 694
"../../../Engine/Plugins/Interchange/Runtime/Content/gltf/MaterialInstances_SG/MI_Opaque_Sheen.uasset" 695
"../../../Engine/Plugins/Interchange/Runtime/Content/gltf/MaterialInstances_SG/MI_Opaque_Sheen.uexp" 696
"../../../Engine/Plugins/Interchange/Runtime/Content/gltf/MaterialInstances_SG/MI_Opaque_ClearCoat_TS.uasset" 697
"../../../Engine/Plugins/Interchange/Runtime/Content/gltf/MaterialInstances_SG/MI_Opaque_ClearCoat_TS.uexp" 698
"../../../Engine/Plugins/Interchange/Runtime/Content/gltf/MaterialInstances_SG/MI_Opaque_ClearCoat.uasset" 699
"../../../Engine/Plugins/Interchange/Runtime/Content/gltf/MaterialInstances_SG/MI_Opaque_ClearCoat.uexp" 700
"../../../Engine/Plugins/Interchange/Runtime/Content/gltf/MaterialInstances_SG/MI_Opaque.uasset" 701
"../../../Engine/Plugins/Interchange/Runtime/Content/gltf/MaterialInstances_SG/MI_Opaque.uexp" 702
"../../../Engine/Plugins/Interchange/Runtime/Content/gltf/Textures/T_Gray_Linear.uasset" 703
"../../../Engine/Plugins/Interchange/Runtime/Content/gltf/Textures/T_Gray_Linear.uexp" 704
"../../../Engine/Plugins/Interchange/Runtime/Content/gltf/Textures/T_Black_srgb.uasset" 705
"../../../Engine/Plugins/Interchange/Runtime/Content/gltf/Textures/T_Black_srgb.uexp" 706
"../../../Engine/Plugins/Interchange/Runtime/Content/Materials/UnlitMaterial.uasset" 707
"../../../Engine/Plugins/Interchange/Runtime/Content/Materials/UnlitMaterial.uexp" 708
"../../../Engine/Content/EngineMaterials/DefaultNormal.ubulk" 709
"../../../Engine/Content/EngineMaterials/DefaultNormal.uasset" 710
"../../../Engine/Content/EngineMaterials/DefaultNormal.uexp" 711
"../../../Engine/Plugins/Interchange/Runtime/Content/Materials/MapOrScalarFunction.uasset" 712
"../../../Engine/Plugins/Interchange/Runtime/Content/Materials/MapOrScalarFunction.uexp" 713
"../../../Engine/Plugins/Interchange/Runtime/Content/Materials/MapOrLinearColorFunction.uasset" 714
"../../../Engine/Plugins/Interchange/Runtime/Content/Materials/MapOrLinearColorFunction.uexp" 715
"../../../Engine/Plugins/Interchange/Runtime/Content/Materials/MapOrColorFunction.uasset" 716
"../../../Engine/Plugins/Interchange/Runtime/Content/Materials/MapOrColorFunction.uexp" 717
"../../../Engine/Plugins/Interchange/Runtime/Content/Materials/CommonMaterial.uasset" 718
"../../../Engine/Plugins/Interchange/Runtime/Content/Materials/CommonMaterial.uexp" 719
"../../../Engine/Plugins/Interchange/Runtime/Content/Materials/PBRSurfaceFunction.uasset" 720
"../../../Engine/Plugins/Interchange/Runtime/Content/Materials/PBRSurfaceFunction.uexp" 721
"../../../Engine/Plugins/Interchange/Runtime/Content/Materials/ThinTranslucentMaterial.uasset" 722
"../../../Engine/Plugins/Interchange/Runtime/Content/Materials/ThinTranslucentMaterial.uexp" 723
"../../../Engine/Plugins/Interchange/Runtime/Content/Materials/SubsurfaceMaterial.uasset" 724
"../../../Engine/Plugins/Interchange/Runtime/Content/Materials/SubsurfaceMaterial.uexp" 725
"../../../Engine/Plugins/Interchange/Runtime/Content/Materials/SheenMaterial.uasset" 726
"../../../Engine/Plugins/Interchange/Runtime/Content/Materials/SheenMaterial.uexp" 727
"../../../Engine/Content/Functions/Engine_MaterialFunctions01/Shading/ConvertFromDiffSpec.uasset" 728
"../../../Engine/Content/Functions/Engine_MaterialFunctions01/Shading/ConvertFromDiffSpec.uexp" 729
"../../../Engine/Plugins/Interchange/Runtime/Content/Materials/PhongSurfaceMaterial.uasset" 730
"../../../Engine/Plugins/Interchange/Runtime/Content/Materials/PhongSurfaceMaterial.uexp" 731
"../../../Engine/Plugins/Interchange/Runtime/Content/Materials/PBRSurfaceMaterial.uasset" 732
"../../../Engine/Plugins/Interchange/Runtime/Content/Materials/PBRSurfaceMaterial.uexp" 733
"../../../Engine/Content/EngineMaterials/FlatNormal.uasset" 734
"../../../Engine/Content/EngineMaterials/FlatNormal.uexp" 735
"../../../Engine/Content/EditorLandscapeResources/WhiteSquareTexture.uasset" 736
"../../../Engine/Content/EditorLandscapeResources/WhiteSquareTexture.uexp" 737
"../../../Engine/Plugins/Interchange/Runtime/Content/Materials/OrenNayerMaterial.uasset" 738
"../../../Engine/Plugins/Interchange/Runtime/Content/Materials/OrenNayerMaterial.uexp" 739
"../../../Engine/Plugins/Interchange/Runtime/Content/Materials/LambertSurfaceMaterial.uasset" 740
"../../../Engine/Plugins/Interchange/Runtime/Content/Materials/LambertSurfaceMaterial.uexp" 741
"../../../Engine/Plugins/Interchange/Runtime/Content/Materials/ClearCoatMaterial.uasset" 742
"../../../Engine/Plugins/Interchange/Runtime/Content/Materials/ClearCoatMaterial.uexp" 743
"../../../Engine/Plugins/Interchange/Runtime/Content/Pipelines/DefaultTexturePipeline.uasset" 744
"../../../Engine/Plugins/Interchange/Runtime/Content/Pipelines/DefaultTexturePipeline.uexp" 745
"../../../Engine/Plugins/Interchange/Runtime/Content/Pipelines/DefaultSceneLevelPipeline.uasset" 746
"../../../Engine/Plugins/Interchange/Runtime/Content/Pipelines/DefaultSceneLevelPipeline.uexp" 747
"../../../Engine/Plugins/Interchange/Runtime/Content/Pipelines/DefaultSceneAssetsPipeline.uasset" 748
"../../../Engine/Plugins/Interchange/Runtime/Content/Pipelines/DefaultSceneAssetsPipeline.uexp" 749
"../../../Engine/Plugins/Interchange/Runtime/Content/Pipelines/DefaultMaterialPipeline.uasset" 750
"../../../Engine/Plugins/Interchange/Runtime/Content/Pipelines/DefaultMaterialPipeline.uexp" 751
"../../../Engine/Plugins/Interchange/Runtime/Content/Pipelines/DefaultAssetsPipeline.uasset" 752
"../../../Engine/Plugins/Interchange/Runtime/Content/Pipelines/DefaultAssetsPipeline.uexp" 753
"../../../Engine/Plugins/Runtime/MeshModelingToolset/Content/Materials/M_DynamicMeshComponentVtxColor.uasset" 754
"../../../Engine/Plugins/Runtime/MeshModelingToolset/Content/Materials/M_DynamicMeshComponentVtxColor.uexp" 755
"C:/Unreal Projects/Test_2D/Content/Tiles/NPC/Dialogue_BPI.uasset" 756
"C:/Unreal Projects/Test_2D/Content/Tiles/NPC/Dialogue_BPI.uexp" 757
"C:/Unreal Projects/Test_2D/Content/Blueprints/myGameInstance_BP.uasset" 758
"C:/Unreal Projects/Test_2D/Content/Blueprints/myGameInstance_BP.uexp" 759
"../../../Engine/Content/EditorBlueprintResources/StandardMacros.uasset" 760
"../../../Engine/Content/EditorBlueprintResources/StandardMacros.uexp" 761
"C:/Unreal Projects/Test_2D/Content/Blueprints/Time/Planer_BP.uasset" 762
"C:/Unreal Projects/Test_2D/Content/Blueprints/Time/Planer_BP.uexp" 763
"C:/Unreal Projects/Test_2D/Content/LevelPrototyping/Textures/T_GridChecker_A.ubulk" 764
"C:/Unreal Projects/Test_2D/Content/LevelPrototyping/Textures/T_GridChecker_A.uasset" 765
"C:/Unreal Projects/Test_2D/Content/LevelPrototyping/Textures/T_GridChecker_A.uexp" 766
"../../../Engine/Content/Functions/Engine_MaterialFunctions01/Gradient/LinearGradient.uasset" 767
"../../../Engine/Content/Functions/Engine_MaterialFunctions01/Gradient/LinearGradient.uexp" 768
"../../../Engine/Content/Functions/Engine_MaterialFunctions01/ImageAdjustment/CheapContrast.uasset" 769
"../../../Engine/Content/Functions/Engine_MaterialFunctions01/ImageAdjustment/CheapContrast.uexp" 770
"C:/Unreal Projects/Test_2D/Content/LevelPrototyping/Materials/MF_ProcGrid.uasset" 771
"C:/Unreal Projects/Test_2D/Content/LevelPrototyping/Materials/MF_ProcGrid.uexp" 772
"C:/Unreal Projects/Test_2D/Content/LevelPrototyping/Materials/M_PrototypeGrid.uasset" 773
"C:/Unreal Projects/Test_2D/Content/LevelPrototyping/Materials/M_PrototypeGrid.uexp" 774
"C:/Unreal Projects/Test_2D/Content/LevelPrototyping/Materials/MI_PrototypeGrid_Gray.uasset" 775
"C:/Unreal Projects/Test_2D/Content/LevelPrototyping/Materials/MI_PrototypeGrid_Gray.uexp" 776
"C:/Unreal Projects/Test_2D/Content/LevelPrototyping/Meshes/SM_Cube.ubulk" 777
"C:/Unreal Projects/Test_2D/Content/LevelPrototyping/Meshes/SM_Cube.uasset" 778
"C:/Unreal Projects/Test_2D/Content/LevelPrototyping/Meshes/SM_Cube.uexp" 779
"../../../Engine/Plugins/2D/Paper2D/Content/TranslucentUnlitSpriteMaterial.uasset" 780
"../../../Engine/Plugins/2D/Paper2D/Content/TranslucentUnlitSpriteMaterial.uexp" 781
"C:/Unreal Projects/Test_2D/Content/Tiles/Modern_Exteriors_Complete_Tileset.uasset" 782
"C:/Unreal Projects/Test_2D/Content/Tiles/Modern_Exteriors_Complete_Tileset.uexp" 783
"C:/Unreal Projects/Test_2D/Content/Tiles/Modern_Exteriors_Complete_Tileset_TileSet.uasset" 784
"C:/Unreal Projects/Test_2D/Content/Tiles/Modern_Exteriors_Complete_Tileset_TileSet.uexp" 785
"C:/Unreal Projects/Test_2D/Content/Tiles/Tilemap.uasset" 786
"C:/Unreal Projects/Test_2D/Content/Tiles/Tilemap.uexp" 787
"../../../Engine/Content/Maps/Entry_BuiltData.uasset" 788
"../../../Engine/Content/Maps/Entry_BuiltData.uexp" 789
"../../../Engine/Content/Maps/Entry.uexp" 790
"../../../Engine/Content/Maps/Entry.umap" 791
"../../../Engine/Content/Maps/Templates/HLODs/HLODLayer_Instanced.uasset" 792
"../../../Engine/Content/Maps/Templates/HLODs/HLODLayer_Instanced.uexp" 793
"C:/Unreal Projects/Test_2D/Content/ThirdPerson/Input/Actions/IA_Jump.uasset" 794
"C:/Unreal Projects/Test_2D/Content/ThirdPerson/Input/Actions/IA_Jump.uexp" 795
"C:/Unreal Projects/Test_2D/Content/ThirdPerson/Input/Actions/IA_Look.uasset" 796
"C:/Unreal Projects/Test_2D/Content/ThirdPerson/Input/Actions/IA_Look.uexp" 797
"C:/Unreal Projects/Test_2D/Content/ThirdPerson/Input/Actions/IA_Move.uasset" 798
"C:/Unreal Projects/Test_2D/Content/ThirdPerson/Input/Actions/IA_Move.uexp" 799
"C:/Unreal Projects/Test_2D/Content/ThirdPerson/Input/IMC_Default.uasset" 800
"C:/Unreal Projects/Test_2D/Content/ThirdPerson/Input/IMC_Default.uexp" 801
"C:/Unreal Projects/Test_2D/Content/Characters/Mannequins/Meshes/SK_Mannequin.uasset" 802
"C:/Unreal Projects/Test_2D/Content/Characters/Mannequins/Meshes/SK_Mannequin.uexp" 803
"../../../Engine/Content/Animation/DefaultAnimCurveCompressionSettings.uasset" 804
"../../../Engine/Content/Animation/DefaultAnimCurveCompressionSettings.uexp" 805
"../../../Engine/Content/Animation/DefaultAnimBoneCompressionSettings.uasset" 806
"../../../Engine/Content/Animation/DefaultAnimBoneCompressionSettings.uexp" 807
"C:/Unreal Projects/Test_2D/Content/Characters/Mannequins/Animations/Quinn/MF_Run_Fwd.uasset" 808
"C:/Unreal Projects/Test_2D/Content/Characters/Mannequins/Animations/Quinn/MF_Run_Fwd.uexp" 809
"C:/Unreal Projects/Test_2D/Content/Characters/Mannequins/Animations/Quinn/MF_Walk_Fwd.uasset" 810
"C:/Unreal Projects/Test_2D/Content/Characters/Mannequins/Animations/Quinn/MF_Walk_Fwd.uexp" 811
"../../../Engine/Content/Animation/DefaultRecorderBoneCompression.uasset" 812
"../../../Engine/Content/Animation/DefaultRecorderBoneCompression.uexp" 813
"C:/Unreal Projects/Test_2D/Content/Characters/Mannequins/Animations/Manny/MM_Walk_InPlace.uasset" 814
"C:/Unreal Projects/Test_2D/Content/Characters/Mannequins/Animations/Manny/MM_Walk_InPlace.uexp" 815
"C:/Unreal Projects/Test_2D/Content/Characters/Mannequins/Animations/Quinn/BS_MF_Unarmed_WalkRun.uasset" 816
"C:/Unreal Projects/Test_2D/Content/Characters/Mannequins/Animations/Quinn/BS_MF_Unarmed_WalkRun.uexp" 817
"C:/Unreal Projects/Test_2D/Content/Characters/Mannequins/Animations/Quinn/MF_Idle.uasset" 818
"C:/Unreal Projects/Test_2D/Content/Characters/Mannequins/Animations/Quinn/MF_Idle.uexp" 819
"C:/Unreal Projects/Test_2D/Content/Characters/Mannequins/Animations/Manny/MM_Fall_Loop.uasset" 820
"C:/Unreal Projects/Test_2D/Content/Characters/Mannequins/Animations/Manny/MM_Fall_Loop.uexp" 821
"C:/Unreal Projects/Test_2D/Content/Characters/Mannequins/Animations/Manny/MM_Jump.uasset" 822
"C:/Unreal Projects/Test_2D/Content/Characters/Mannequins/Animations/Manny/MM_Jump.uexp" 823
"../../../Engine/Plugins/Animation/ControlRig/Content/Controls/DefaultGizmoLibrary.uasset" 824
"../../../Engine/Plugins/Animation/ControlRig/Content/Controls/DefaultGizmoLibrary.uexp" 825
"C:/Unreal Projects/Test_2D/Content/Characters/Mannequins/Rigs/CR_Mannequin_BasicFootIK.uasset" 826
"C:/Unreal Projects/Test_2D/Content/Characters/Mannequins/Rigs/CR_Mannequin_BasicFootIK.uexp" 827
"C:/Unreal Projects/Test_2D/Content/Characters/Mannequins/Animations/Manny/MM_Run_Fwd.uasset" 828
"C:/Unreal Projects/Test_2D/Content/Characters/Mannequins/Animations/Manny/MM_Run_Fwd.uexp" 829
"C:/Unreal Projects/Test_2D/Content/Characters/Mannequins/Animations/Manny/MM_Walk_Fwd.uasset" 830
"C:/Unreal Projects/Test_2D/Content/Characters/Mannequins/Animations/Manny/MM_Walk_Fwd.uexp" 831
"C:/Unreal Projects/Test_2D/Content/Characters/Mannequins/Animations/Manny/BS_MM_WalkRun.uasset" 832
"C:/Unreal Projects/Test_2D/Content/Characters/Mannequins/Animations/Manny/BS_MM_WalkRun.uexp" 833
"C:/Unreal Projects/Test_2D/Content/Characters/Mannequins/Animations/Manny/MM_Land.uasset" 834
"C:/Unreal Projects/Test_2D/Content/Characters/Mannequins/Animations/Manny/MM_Land.uexp" 835
"C:/Unreal Projects/Test_2D/Content/Characters/Mannequins/Animations/Manny/MM_Idle.uasset" 836
"C:/Unreal Projects/Test_2D/Content/Characters/Mannequins/Animations/Manny/MM_Idle.uexp" 837
"C:/Unreal Projects/Test_2D/Content/Characters/Mannequins/Animations/ABP_Manny.uasset" 838
"C:/Unreal Projects/Test_2D/Content/Characters/Mannequins/Animations/ABP_Manny.uexp" 839
"C:/Unreal Projects/Test_2D/Content/Characters/Mannequins/Animations/ABP_Quinn.uasset" 840
"C:/Unreal Projects/Test_2D/Content/Characters/Mannequins/Animations/ABP_Quinn.uexp" 841
"C:/Unreal Projects/Test_2D/Content/UI/Dialogue_box.uasset" 842
"C:/Unreal Projects/Test_2D/Content/UI/Dialogue_box.uexp" 843
"C:/Unreal Projects/Test_2D/Content/Tiles/NPC/NPC_Talk_WB.uasset" 844
"C:/Unreal Projects/Test_2D/Content/Tiles/NPC/NPC_Talk_WB.uexp" 845
"C:/Unreal Projects/Test_2D/Content/UI/UserInput_Box.uasset" 846
"C:/Unreal Projects/Test_2D/Content/UI/UserInput_Box.uexp" 847
"C:/Unreal Projects/Test_2D/Content/Tiles/NPC/Player_Talk_WB.uasset" 848
"C:/Unreal Projects/Test_2D/Content/Tiles/NPC/Player_Talk_WB.uexp" 849
"C:/Unreal Projects/Test_2D/Content/Tiles/NPC/Ethan/Ethan.uasset" 850
"C:/Unreal Projects/Test_2D/Content/Tiles/NPC/Ethan/Ethan.uexp" 851
"C:/Unreal Projects/Test_2D/Content/Tiles/NPC/Ethan/Ethan_Sprite_3.uasset" 852
"C:/Unreal Projects/Test_2D/Content/Tiles/NPC/Ethan/Ethan_Sprite_3.uexp" 853
"C:/Unreal Projects/Test_2D/Content/Tiles/NPC/Ethan/Idle.uasset" 854
"C:/Unreal Projects/Test_2D/Content/Tiles/NPC/Ethan/Idle.uexp" 855
"C:/Unreal Projects/Test_2D/Content/Tiles/NPC/Ethan/Animations/Ethan_AnimSource.uasset" 856
"C:/Unreal Projects/Test_2D/Content/Tiles/NPC/Ethan/Animations/Ethan_AnimSource.uexp" 857
"C:/Unreal Projects/Test_2D/Content/Tiles/NPC/Ethan/Ethan_Sprite_118.uasset" 858
"C:/Unreal Projects/Test_2D/Content/Tiles/NPC/Ethan/Ethan_Sprite_118.uexp" 859
"C:/Unreal Projects/Test_2D/Content/Tiles/NPC/Ethan/Ethan_Sprite_119.uasset" 860
"C:/Unreal Projects/Test_2D/Content/Tiles/NPC/Ethan/Ethan_Sprite_119.uexp" 861
"C:/Unreal Projects/Test_2D/Content/Tiles/NPC/Ethan/Ethan_Sprite_120.uasset" 862
"C:/Unreal Projects/Test_2D/Content/Tiles/NPC/Ethan/Ethan_Sprite_120.uexp" 863
"C:/Unreal Projects/Test_2D/Content/Tiles/NPC/Ethan/Ethan_Sprite_121.uasset" 864
"C:/Unreal Projects/Test_2D/Content/Tiles/NPC/Ethan/Ethan_Sprite_121.uexp" 865
"C:/Unreal Projects/Test_2D/Content/Tiles/NPC/Ethan/Ethan_Sprite_122.uasset" 866
"C:/Unreal Projects/Test_2D/Content/Tiles/NPC/Ethan/Ethan_Sprite_122.uexp" 867
"C:/Unreal Projects/Test_2D/Content/Tiles/NPC/Ethan/Ethan_Sprite_123.uasset" 868
"C:/Unreal Projects/Test_2D/Content/Tiles/NPC/Ethan/Ethan_Sprite_123.uexp" 869
"C:/Unreal Projects/Test_2D/Content/Tiles/NPC/Ethan/Up.uasset" 870
"C:/Unreal Projects/Test_2D/Content/Tiles/NPC/Ethan/Up.uexp" 871
"C:/Unreal Projects/Test_2D/Content/Tiles/NPC/Ethan/Ethan_Sprite_112.uasset" 872
"C:/Unreal Projects/Test_2D/Content/Tiles/NPC/Ethan/Ethan_Sprite_112.uexp" 873
"C:/Unreal Projects/Test_2D/Content/Tiles/NPC/Ethan/Ethan_Sprite_113.uasset" 874
"C:/Unreal Projects/Test_2D/Content/Tiles/NPC/Ethan/Ethan_Sprite_113.uexp" 875
"C:/Unreal Projects/Test_2D/Content/Tiles/NPC/Ethan/Ethan_Sprite_114.uasset" 876
"C:/Unreal Projects/Test_2D/Content/Tiles/NPC/Ethan/Ethan_Sprite_114.uexp" 877
"C:/Unreal Projects/Test_2D/Content/Tiles/NPC/Ethan/Ethan_Sprite_115.uasset" 878
"C:/Unreal Projects/Test_2D/Content/Tiles/NPC/Ethan/Ethan_Sprite_115.uexp" 879
"C:/Unreal Projects/Test_2D/Content/Tiles/NPC/Ethan/Ethan_Sprite_116.uasset" 880
"C:/Unreal Projects/Test_2D/Content/Tiles/NPC/Ethan/Ethan_Sprite_116.uexp" 881
"C:/Unreal Projects/Test_2D/Content/Tiles/NPC/Ethan/Ethan_Sprite_117.uasset" 882
"C:/Unreal Projects/Test_2D/Content/Tiles/NPC/Ethan/Ethan_Sprite_117.uexp" 883
"C:/Unreal Projects/Test_2D/Content/Tiles/NPC/Ethan/Right.uasset" 884
"C:/Unreal Projects/Test_2D/Content/Tiles/NPC/Ethan/Right.uexp" 885
"C:/Unreal Projects/Test_2D/Content/Tiles/NPC/Ethan/Ethan_Sprite_124.uasset" 886
"C:/Unreal Projects/Test_2D/Content/Tiles/NPC/Ethan/Ethan_Sprite_124.uexp" 887
"C:/Unreal Projects/Test_2D/Content/Tiles/NPC/Ethan/Ethan_Sprite_125.uasset" 888
"C:/Unreal Projects/Test_2D/Content/Tiles/NPC/Ethan/Ethan_Sprite_125.uexp" 889
"C:/Unreal Projects/Test_2D/Content/Tiles/NPC/Ethan/Ethan_Sprite_126.uasset" 890
"C:/Unreal Projects/Test_2D/Content/Tiles/NPC/Ethan/Ethan_Sprite_126.uexp" 891
"C:/Unreal Projects/Test_2D/Content/Tiles/NPC/Ethan/Ethan_Sprite_127.uasset" 892
"C:/Unreal Projects/Test_2D/Content/Tiles/NPC/Ethan/Ethan_Sprite_127.uexp" 893
"C:/Unreal Projects/Test_2D/Content/Tiles/NPC/Ethan/Ethan_Sprite_128.uasset" 894
"C:/Unreal Projects/Test_2D/Content/Tiles/NPC/Ethan/Ethan_Sprite_128.uexp" 895
"C:/Unreal Projects/Test_2D/Content/Tiles/NPC/Ethan/Ethan_Sprite_129.uasset" 896
"C:/Unreal Projects/Test_2D/Content/Tiles/NPC/Ethan/Ethan_Sprite_129.uexp" 897
"C:/Unreal Projects/Test_2D/Content/Tiles/NPC/Ethan/Left.uasset" 898
"C:/Unreal Projects/Test_2D/Content/Tiles/NPC/Ethan/Left.uexp" 899
"C:/Unreal Projects/Test_2D/Content/Tiles/NPC/Ethan/Ethan_Sprite_130.uasset" 900
"C:/Unreal Projects/Test_2D/Content/Tiles/NPC/Ethan/Ethan_Sprite_130.uexp" 901
"C:/Unreal Projects/Test_2D/Content/Tiles/NPC/Ethan/Ethan_Sprite_131.uasset" 902
"C:/Unreal Projects/Test_2D/Content/Tiles/NPC/Ethan/Ethan_Sprite_131.uexp" 903
"C:/Unreal Projects/Test_2D/Content/Tiles/NPC/Ethan/Ethan_Sprite_132.uasset" 904
"C:/Unreal Projects/Test_2D/Content/Tiles/NPC/Ethan/Ethan_Sprite_132.uexp" 905
"C:/Unreal Projects/Test_2D/Content/Tiles/NPC/Ethan/Ethan_Sprite_133.uasset" 906
"C:/Unreal Projects/Test_2D/Content/Tiles/NPC/Ethan/Ethan_Sprite_133.uexp" 907
"C:/Unreal Projects/Test_2D/Content/Tiles/NPC/Ethan/Ethan_Sprite_134.uasset" 908
"C:/Unreal Projects/Test_2D/Content/Tiles/NPC/Ethan/Ethan_Sprite_134.uexp" 909
"C:/Unreal Projects/Test_2D/Content/Tiles/NPC/Ethan/Ethan_Sprite_135.uasset" 910
"C:/Unreal Projects/Test_2D/Content/Tiles/NPC/Ethan/Ethan_Sprite_135.uexp" 911
"C:/Unreal Projects/Test_2D/Content/Tiles/NPC/Ethan/Down.uasset" 912
"C:/Unreal Projects/Test_2D/Content/Tiles/NPC/Ethan/Down.uexp" 913
"C:/Unreal Projects/Test_2D/Content/Tiles/NPC/Ethan/Animations/Walk.uasset" 914
"C:/Unreal Projects/Test_2D/Content/Tiles/NPC/Ethan/Animations/Walk.uexp" 915
"C:/Unreal Projects/Test_2D/Content/Tiles/NPC/Ethan/Animations/Idle.uasset" 916
"C:/Unreal Projects/Test_2D/Content/Tiles/NPC/Ethan/Animations/Idle.uexp" 917
"C:/Unreal Projects/Test_2D/Content/Tiles/NPC/Ethan/Animations/Ethan_AnimBP.uasset" 918
"C:/Unreal Projects/Test_2D/Content/Tiles/NPC/Ethan/Animations/Ethan_AnimBP.uexp" 919
"C:/Unreal Projects/Test_2D/Content/Tiles/NPC/Ethan/Ethan_BP.uasset" 920
"C:/Unreal Projects/Test_2D/Content/Tiles/NPC/Ethan/Ethan_BP.uexp" 921
"C:/Unreal Projects/Test_2D/Content/Tiles/NPC/Lily/Lily.uasset" 922
"C:/Unreal Projects/Test_2D/Content/Tiles/NPC/Lily/Lily.uexp" 923
"C:/Unreal Projects/Test_2D/Content/Tiles/NPC/Lily/Lily_Sprite_3.uasset" 924
"C:/Unreal Projects/Test_2D/Content/Tiles/NPC/Lily/Lily_Sprite_3.uexp" 925
"C:/Unreal Projects/Test_2D/Content/Tiles/NPC/Lily/Idle.uasset" 926
"C:/Unreal Projects/Test_2D/Content/Tiles/NPC/Lily/Idle.uexp" 927
"C:/Unreal Projects/Test_2D/Content/Tiles/NPC/Lily/Animations/Lily_AnimSource.uasset" 928
"C:/Unreal Projects/Test_2D/Content/Tiles/NPC/Lily/Animations/Lily_AnimSource.uexp" 929
"C:/Unreal Projects/Test_2D/Content/Tiles/NPC/Lily/Lily_Sprite_118.uasset" 930
"C:/Unreal Projects/Test_2D/Content/Tiles/NPC/Lily/Lily_Sprite_118.uexp" 931
"C:/Unreal Projects/Test_2D/Content/Tiles/NPC/Lily/Lily_Sprite_119.uasset" 932
"C:/Unreal Projects/Test_2D/Content/Tiles/NPC/Lily/Lily_Sprite_119.uexp" 933
"C:/Unreal Projects/Test_2D/Content/Tiles/NPC/Lily/Lily_Sprite_120.uasset" 934
"C:/Unreal Projects/Test_2D/Content/Tiles/NPC/Lily/Lily_Sprite_120.uexp" 935
"C:/Unreal Projects/Test_2D/Content/Tiles/NPC/Lily/Lily_Sprite_121.uasset" 936
"C:/Unreal Projects/Test_2D/Content/Tiles/NPC/Lily/Lily_Sprite_121.uexp" 937
"C:/Unreal Projects/Test_2D/Content/Tiles/NPC/Lily/Lily_Sprite_122.uasset" 938
"C:/Unreal Projects/Test_2D/Content/Tiles/NPC/Lily/Lily_Sprite_122.uexp" 939
"C:/Unreal Projects/Test_2D/Content/Tiles/NPC/Lily/Lily_Sprite_123.uasset" 940
"C:/Unreal Projects/Test_2D/Content/Tiles/NPC/Lily/Lily_Sprite_123.uexp" 941
"C:/Unreal Projects/Test_2D/Content/Tiles/NPC/Lily/Up.uasset" 942
"C:/Unreal Projects/Test_2D/Content/Tiles/NPC/Lily/Up.uexp" 943
"C:/Unreal Projects/Test_2D/Content/Tiles/NPC/Lily/Lily_Sprite_112.uasset" 944
"C:/Unreal Projects/Test_2D/Content/Tiles/NPC/Lily/Lily_Sprite_112.uexp" 945
"C:/Unreal Projects/Test_2D/Content/Tiles/NPC/Lily/Lily_Sprite_113.uasset" 946
"C:/Unreal Projects/Test_2D/Content/Tiles/NPC/Lily/Lily_Sprite_113.uexp" 947
"C:/Unreal Projects/Test_2D/Content/Tiles/NPC/Lily/Lily_Sprite_114.uasset" 948
"C:/Unreal Projects/Test_2D/Content/Tiles/NPC/Lily/Lily_Sprite_114.uexp" 949
"C:/Unreal Projects/Test_2D/Content/Tiles/NPC/Lily/Lily_Sprite_115.uasset" 950
"C:/Unreal Projects/Test_2D/Content/Tiles/NPC/Lily/Lily_Sprite_115.uexp" 951
"C:/Unreal Projects/Test_2D/Content/Tiles/NPC/Lily/Lily_Sprite_116.uasset" 952
"C:/Unreal Projects/Test_2D/Content/Tiles/NPC/Lily/Lily_Sprite_116.uexp" 953
"C:/Unreal Projects/Test_2D/Content/Tiles/NPC/Lily/Lily_Sprite_117.uasset" 954
"C:/Unreal Projects/Test_2D/Content/Tiles/NPC/Lily/Lily_Sprite_117.uexp" 955
"C:/Unreal Projects/Test_2D/Content/Tiles/NPC/Lily/Right.uasset" 956
"C:/Unreal Projects/Test_2D/Content/Tiles/NPC/Lily/Right.uexp" 957
"C:/Unreal Projects/Test_2D/Content/Tiles/NPC/Lily/Lily_Sprite_124.uasset" 958
"C:/Unreal Projects/Test_2D/Content/Tiles/NPC/Lily/Lily_Sprite_124.uexp" 959
"C:/Unreal Projects/Test_2D/Content/Tiles/NPC/Lily/Lily_Sprite_125.uasset" 960
"C:/Unreal Projects/Test_2D/Content/Tiles/NPC/Lily/Lily_Sprite_125.uexp" 961
"C:/Unreal Projects/Test_2D/Content/Tiles/NPC/Lily/Lily_Sprite_126.uasset" 962
"C:/Unreal Projects/Test_2D/Content/Tiles/NPC/Lily/Lily_Sprite_126.uexp" 963
"C:/Unreal Projects/Test_2D/Content/Tiles/NPC/Lily/Lily_Sprite_127.uasset" 964
"C:/Unreal Projects/Test_2D/Content/Tiles/NPC/Lily/Lily_Sprite_127.uexp" 965
"C:/Unreal Projects/Test_2D/Content/Tiles/NPC/Lily/Lily_Sprite_128.uasset" 966
"C:/Unreal Projects/Test_2D/Content/Tiles/NPC/Lily/Lily_Sprite_128.uexp" 967
"C:/Unreal Projects/Test_2D/Content/Tiles/NPC/Lily/Lily_Sprite_129.uasset" 968
"C:/Unreal Projects/Test_2D/Content/Tiles/NPC/Lily/Lily_Sprite_129.uexp" 969
"C:/Unreal Projects/Test_2D/Content/Tiles/NPC/Lily/Left.uasset" 970
"C:/Unreal Projects/Test_2D/Content/Tiles/NPC/Lily/Left.uexp" 971
"C:/Unreal Projects/Test_2D/Content/Tiles/NPC/Lily/Lily_Sprite_130.uasset" 972
"C:/Unreal Projects/Test_2D/Content/Tiles/NPC/Lily/Lily_Sprite_130.uexp" 973
"C:/Unreal Projects/Test_2D/Content/Tiles/NPC/Lily/Lily_Sprite_131.uasset" 974
"C:/Unreal Projects/Test_2D/Content/Tiles/NPC/Lily/Lily_Sprite_131.uexp" 975
"C:/Unreal Projects/Test_2D/Content/Tiles/NPC/Lily/Lily_Sprite_132.uasset" 976
"C:/Unreal Projects/Test_2D/Content/Tiles/NPC/Lily/Lily_Sprite_132.uexp" 977
"C:/Unreal Projects/Test_2D/Content/Tiles/NPC/Lily/Lily_Sprite_133.uasset" 978
"C:/Unreal Projects/Test_2D/Content/Tiles/NPC/Lily/Lily_Sprite_133.uexp" 979
"C:/Unreal Projects/Test_2D/Content/Tiles/NPC/Lily/Lily_Sprite_134.uasset" 980
"C:/Unreal Projects/Test_2D/Content/Tiles/NPC/Lily/Lily_Sprite_134.uexp" 981
"C:/Unreal Projects/Test_2D/Content/Tiles/NPC/Lily/Lily_Sprite_135.uasset" 982
"C:/Unreal Projects/Test_2D/Content/Tiles/NPC/Lily/Lily_Sprite_135.uexp" 983
"C:/Unreal Projects/Test_2D/Content/Tiles/NPC/Lily/Down.uasset" 984
"C:/Unreal Projects/Test_2D/Content/Tiles/NPC/Lily/Down.uexp" 985
"C:/Unreal Projects/Test_2D/Content/Tiles/NPC/Lily/Animations/Walk.uasset" 986
"C:/Unreal Projects/Test_2D/Content/Tiles/NPC/Lily/Animations/Walk.uexp" 987
"C:/Unreal Projects/Test_2D/Content/Tiles/NPC/Lily/Animations/Idle.uasset" 988
"C:/Unreal Projects/Test_2D/Content/Tiles/NPC/Lily/Animations/Idle.uexp" 989
"C:/Unreal Projects/Test_2D/Content/Tiles/NPC/Lily/Animations/Lily_AnimBP.uasset" 990
"C:/Unreal Projects/Test_2D/Content/Tiles/NPC/Lily/Animations/Lily_AnimBP.uexp" 991
"C:/Unreal Projects/Test_2D/Content/Tiles/NPC/Lily/Lily_BP.uasset" 992
"C:/Unreal Projects/Test_2D/Content/Tiles/NPC/Lily/Lily_BP.uexp" 993
"C:/Unreal Projects/Test_2D/Content/Tiles/NPC/Jack/Jack.uasset" 994
"C:/Unreal Projects/Test_2D/Content/Tiles/NPC/Jack/Jack.uexp" 995
"C:/Unreal Projects/Test_2D/Content/Tiles/NPC/Jack/Jack_Sprite_3.uasset" 996
"C:/Unreal Projects/Test_2D/Content/Tiles/NPC/Jack/Jack_Sprite_3.uexp" 997
"C:/Unreal Projects/Test_2D/Content/Tiles/NPC/Jack/Idle.uasset" 998
"C:/Unreal Projects/Test_2D/Content/Tiles/NPC/Jack/Idle.uexp" 999
"C:/Unreal Projects/Test_2D/Content/Tiles/NPC/Jack/Animations/Jack_AnimSource.uasset" 1000
"C:/Unreal Projects/Test_2D/Content/Tiles/NPC/Jack/Animations/Jack_AnimSource.uexp" 1001
"C:/Unreal Projects/Test_2D/Content/Tiles/NPC/Jack/Jack_Sprite_146.uasset" 1002
"C:/Unreal Projects/Test_2D/Content/Tiles/NPC/Jack/Jack_Sprite_146.uexp" 1003
"C:/Unreal Projects/Test_2D/Content/Tiles/NPC/Jack/Jack_Sprite_147.uasset" 1004
"C:/Unreal Projects/Test_2D/Content/Tiles/NPC/Jack/Jack_Sprite_147.uexp" 1005
"C:/Unreal Projects/Test_2D/Content/Tiles/NPC/Jack/Jack_Sprite_148.uasset" 1006
"C:/Unreal Projects/Test_2D/Content/Tiles/NPC/Jack/Jack_Sprite_148.uexp" 1007
"C:/Unreal Projects/Test_2D/Content/Tiles/NPC/Jack/Jack_Sprite_149.uasset" 1008
"C:/Unreal Projects/Test_2D/Content/Tiles/NPC/Jack/Jack_Sprite_149.uexp" 1009
"C:/Unreal Projects/Test_2D/Content/Tiles/NPC/Jack/Jack_Sprite_150.uasset" 1010
"C:/Unreal Projects/Test_2D/Content/Tiles/NPC/Jack/Jack_Sprite_150.uexp" 1011
"C:/Unreal Projects/Test_2D/Content/Tiles/NPC/Jack/Jack_Sprite_151.uasset" 1012
"C:/Unreal Projects/Test_2D/Content/Tiles/NPC/Jack/Jack_Sprite_151.uexp" 1013
"C:/Unreal Projects/Test_2D/Content/Tiles/NPC/Jack/Up.uasset" 1014
"C:/Unreal Projects/Test_2D/Content/Tiles/NPC/Jack/Up.uexp" 1015
"C:/Unreal Projects/Test_2D/Content/Tiles/NPC/Jack/Jack_Sprite_140.uasset" 1016
"C:/Unreal Projects/Test_2D/Content/Tiles/NPC/Jack/Jack_Sprite_140.uexp" 1017
"C:/Unreal Projects/Test_2D/Content/Tiles/NPC/Jack/Jack_Sprite_141.uasset" 1018
"C:/Unreal Projects/Test_2D/Content/Tiles/NPC/Jack/Jack_Sprite_141.uexp" 1019
"C:/Unreal Projects/Test_2D/Content/Tiles/NPC/Jack/Jack_Sprite_142.uasset" 1020
"C:/Unreal Projects/Test_2D/Content/Tiles/NPC/Jack/Jack_Sprite_142.uexp" 1021
"C:/Unreal Projects/Test_2D/Content/Tiles/NPC/Jack/Jack_Sprite_143.uasset" 1022
"C:/Unreal Projects/Test_2D/Content/Tiles/NPC/Jack/Jack_Sprite_143.uexp" 1023
"C:/Unreal Projects/Test_2D/Content/Tiles/NPC/Jack/Jack_Sprite_144.uasset" 1024
"C:/Unreal Projects/Test_2D/Content/Tiles/NPC/Jack/Jack_Sprite_144.uexp" 1025
"C:/Unreal Projects/Test_2D/Content/Tiles/NPC/Jack/Jack_Sprite_145.uasset" 1026
"C:/Unreal Projects/Test_2D/Content/Tiles/NPC/Jack/Jack_Sprite_145.uexp" 1027
"C:/Unreal Projects/Test_2D/Content/Tiles/NPC/Jack/Right.uasset" 1028
"C:/Unreal Projects/Test_2D/Content/Tiles/NPC/Jack/Right.uexp" 1029
"C:/Unreal Projects/Test_2D/Content/Tiles/NPC/Jack/Jack_Sprite_152.uasset" 1030
"C:/Unreal Projects/Test_2D/Content/Tiles/NPC/Jack/Jack_Sprite_152.uexp" 1031
"C:/Unreal Projects/Test_2D/Content/Tiles/NPC/Jack/Jack_Sprite_153.uasset" 1032
"C:/Unreal Projects/Test_2D/Content/Tiles/NPC/Jack/Jack_Sprite_153.uexp" 1033
"C:/Unreal Projects/Test_2D/Content/Tiles/NPC/Jack/Jack_Sprite_154.uasset" 1034
"C:/Unreal Projects/Test_2D/Content/Tiles/NPC/Jack/Jack_Sprite_154.uexp" 1035
"C:/Unreal Projects/Test_2D/Content/Tiles/NPC/Jack/Jack_Sprite_155.uasset" 1036
"C:/Unreal Projects/Test_2D/Content/Tiles/NPC/Jack/Jack_Sprite_155.uexp" 1037
"C:/Unreal Projects/Test_2D/Content/Tiles/NPC/Jack/Jack_Sprite_156.uasset" 1038
"C:/Unreal Projects/Test_2D/Content/Tiles/NPC/Jack/Jack_Sprite_156.uexp" 1039
"C:/Unreal Projects/Test_2D/Content/Tiles/NPC/Jack/Jack_Sprite_157.uasset" 1040
"C:/Unreal Projects/Test_2D/Content/Tiles/NPC/Jack/Jack_Sprite_157.uexp" 1041
"C:/Unreal Projects/Test_2D/Content/Tiles/NPC/Jack/Left.uasset" 1042
"C:/Unreal Projects/Test_2D/Content/Tiles/NPC/Jack/Left.uexp" 1043
"C:/Unreal Projects/Test_2D/Content/Tiles/NPC/Jack/Jack_Sprite_158.uasset" 1044
"C:/Unreal Projects/Test_2D/Content/Tiles/NPC/Jack/Jack_Sprite_158.uexp" 1045
"C:/Unreal Projects/Test_2D/Content/Tiles/NPC/Jack/Jack_Sprite_159.uasset" 1046
"C:/Unreal Projects/Test_2D/Content/Tiles/NPC/Jack/Jack_Sprite_159.uexp" 1047
"C:/Unreal Projects/Test_2D/Content/Tiles/NPC/Jack/Jack_Sprite_160.uasset" 1048
"C:/Unreal Projects/Test_2D/Content/Tiles/NPC/Jack/Jack_Sprite_160.uexp" 1049
"C:/Unreal Projects/Test_2D/Content/Tiles/NPC/Jack/Jack_Sprite_161.uasset" 1050
"C:/Unreal Projects/Test_2D/Content/Tiles/NPC/Jack/Jack_Sprite_161.uexp" 1051
"C:/Unreal Projects/Test_2D/Content/Tiles/NPC/Jack/Jack_Sprite_162.uasset" 1052
"C:/Unreal Projects/Test_2D/Content/Tiles/NPC/Jack/Jack_Sprite_162.uexp" 1053
"C:/Unreal Projects/Test_2D/Content/Tiles/NPC/Jack/Jack_Sprite_163.uasset" 1054
"C:/Unreal Projects/Test_2D/Content/Tiles/NPC/Jack/Jack_Sprite_163.uexp" 1055
"C:/Unreal Projects/Test_2D/Content/Tiles/NPC/Jack/Down.uasset" 1056
"C:/Unreal Projects/Test_2D/Content/Tiles/NPC/Jack/Down.uexp" 1057
"C:/Unreal Projects/Test_2D/Content/Tiles/NPC/Jack/Animations/Walk.uasset" 1058
"C:/Unreal Projects/Test_2D/Content/Tiles/NPC/Jack/Animations/Walk.uexp" 1059
"C:/Unreal Projects/Test_2D/Content/Tiles/NPC/Jack/Animations/Idle.uasset" 1060
"C:/Unreal Projects/Test_2D/Content/Tiles/NPC/Jack/Animations/Idle.uexp" 1061
"C:/Unreal Projects/Test_2D/Content/Tiles/NPC/Jack/Animations/Jack_AnimBP.uasset" 1062
"C:/Unreal Projects/Test_2D/Content/Tiles/NPC/Jack/Animations/Jack_AnimBP.uexp" 1063
"C:/Unreal Projects/Test_2D/Content/Tiles/NPC/Jack/Jack_BP.uasset" 1064
"C:/Unreal Projects/Test_2D/Content/Tiles/NPC/Jack/Jack_BP.uexp" 1065
"C:/Unreal Projects/Test_2D/Content/Tiles/PlayerCharacter/Player.uasset" 1066
"C:/Unreal Projects/Test_2D/Content/Tiles/PlayerCharacter/Player.uexp" 1067
"C:/Unreal Projects/Test_2D/Content/Tiles/PlayerCharacter/Player_Sprite_3.uasset" 1068
"C:/Unreal Projects/Test_2D/Content/Tiles/PlayerCharacter/Player_Sprite_3.uexp" 1069
"C:/Unreal Projects/Test_2D/Content/Tiles/PlayerCharacter/Idle.uasset" 1070
"C:/Unreal Projects/Test_2D/Content/Tiles/PlayerCharacter/Idle.uexp" 1071
"C:/Unreal Projects/Test_2D/Content/Tiles/PlayerCharacter/Animations/PlayerCharacter_AnimSource.uasset" 1072
"C:/Unreal Projects/Test_2D/Content/Tiles/PlayerCharacter/Animations/PlayerCharacter_AnimSource.uexp" 1073
"C:/Unreal Projects/Test_2D/Content/Tiles/PlayerCharacter/Player_Sprite_118.uasset" 1074
"C:/Unreal Projects/Test_2D/Content/Tiles/PlayerCharacter/Player_Sprite_118.uexp" 1075
"C:/Unreal Projects/Test_2D/Content/Tiles/PlayerCharacter/Player_Sprite_119.uasset" 1076
"C:/Unreal Projects/Test_2D/Content/Tiles/PlayerCharacter/Player_Sprite_119.uexp" 1077
"C:/Unreal Projects/Test_2D/Content/Tiles/PlayerCharacter/Player_Sprite_120.uasset" 1078
"C:/Unreal Projects/Test_2D/Content/Tiles/PlayerCharacter/Player_Sprite_120.uexp" 1079
"C:/Unreal Projects/Test_2D/Content/Tiles/PlayerCharacter/Player_Sprite_121.uasset" 1080
"C:/Unreal Projects/Test_2D/Content/Tiles/PlayerCharacter/Player_Sprite_121.uexp" 1081
"C:/Unreal Projects/Test_2D/Content/Tiles/PlayerCharacter/Player_Sprite_122.uasset" 1082
"C:/Unreal Projects/Test_2D/Content/Tiles/PlayerCharacter/Player_Sprite_122.uexp" 1083
"C:/Unreal Projects/Test_2D/Content/Tiles/PlayerCharacter/Player_Sprite_123.uasset" 1084
"C:/Unreal Projects/Test_2D/Content/Tiles/PlayerCharacter/Player_Sprite_123.uexp" 1085
"C:/Unreal Projects/Test_2D/Content/Tiles/PlayerCharacter/Walk_Up.uasset" 1086
"C:/Unreal Projects/Test_2D/Content/Tiles/PlayerCharacter/Walk_Up.uexp" 1087
"C:/Unreal Projects/Test_2D/Content/Tiles/PlayerCharacter/Player_Sprite_112.uasset" 1088
"C:/Unreal Projects/Test_2D/Content/Tiles/PlayerCharacter/Player_Sprite_112.uexp" 1089
"C:/Unreal Projects/Test_2D/Content/Tiles/PlayerCharacter/Player_Sprite_113.uasset" 1090
"C:/Unreal Projects/Test_2D/Content/Tiles/PlayerCharacter/Player_Sprite_113.uexp" 1091
"C:/Unreal Projects/Test_2D/Content/Tiles/PlayerCharacter/Player_Sprite_114.uasset" 1092
"C:/Unreal Projects/Test_2D/Content/Tiles/PlayerCharacter/Player_Sprite_114.uexp" 1093
"C:/Unreal Projects/Test_2D/Content/Tiles/PlayerCharacter/Player_Sprite_115.uasset" 1094
"C:/Unreal Projects/Test_2D/Content/Tiles/PlayerCharacter/Player_Sprite_115.uexp" 1095
"C:/Unreal Projects/Test_2D/Content/Tiles/PlayerCharacter/Player_Sprite_116.uasset" 1096
"C:/Unreal Projects/Test_2D/Content/Tiles/PlayerCharacter/Player_Sprite_116.uexp" 1097
"C:/Unreal Projects/Test_2D/Content/Tiles/PlayerCharacter/Player_Sprite_117.uasset" 1098
"C:/Unreal Projects/Test_2D/Content/Tiles/PlayerCharacter/Player_Sprite_117.uexp" 1099
"C:/Unreal Projects/Test_2D/Content/Tiles/PlayerCharacter/Walk_Right.uasset" 1100
"C:/Unreal Projects/Test_2D/Content/Tiles/PlayerCharacter/Walk_Right.uexp" 1101
"C:/Unreal Projects/Test_2D/Content/Tiles/PlayerCharacter/Player_Sprite_124.uasset" 1102
"C:/Unreal Projects/Test_2D/Content/Tiles/PlayerCharacter/Player_Sprite_124.uexp" 1103
"C:/Unreal Projects/Test_2D/Content/Tiles/PlayerCharacter/Player_Sprite_125.uasset" 1104
"C:/Unreal Projects/Test_2D/Content/Tiles/PlayerCharacter/Player_Sprite_125.uexp" 1105
"C:/Unreal Projects/Test_2D/Content/Tiles/PlayerCharacter/Player_Sprite_126.uasset" 1106
"C:/Unreal Projects/Test_2D/Content/Tiles/PlayerCharacter/Player_Sprite_126.uexp" 1107
"C:/Unreal Projects/Test_2D/Content/Tiles/PlayerCharacter/Player_Sprite_127.uasset" 1108
"C:/Unreal Projects/Test_2D/Content/Tiles/PlayerCharacter/Player_Sprite_127.uexp" 1109
"C:/Unreal Projects/Test_2D/Content/Tiles/PlayerCharacter/Player_Sprite_128.uasset" 1110
"C:/Unreal Projects/Test_2D/Content/Tiles/PlayerCharacter/Player_Sprite_128.uexp" 1111
"C:/Unreal Projects/Test_2D/Content/Tiles/PlayerCharacter/Player_Sprite_129.uasset" 1112
"C:/Unreal Projects/Test_2D/Content/Tiles/PlayerCharacter/Player_Sprite_129.uexp" 1113
"C:/Unreal Projects/Test_2D/Content/Tiles/PlayerCharacter/Walk_Left.uasset" 1114
"C:/Unreal Projects/Test_2D/Content/Tiles/PlayerCharacter/Walk_Left.uexp" 1115
"C:/Unreal Projects/Test_2D/Content/Tiles/PlayerCharacter/Player_Sprite_130.uasset" 1116
"C:/Unreal Projects/Test_2D/Content/Tiles/PlayerCharacter/Player_Sprite_130.uexp" 1117
"C:/Unreal Projects/Test_2D/Content/Tiles/PlayerCharacter/Player_Sprite_131.uasset" 1118
"C:/Unreal Projects/Test_2D/Content/Tiles/PlayerCharacter/Player_Sprite_131.uexp" 1119
"C:/Unreal Projects/Test_2D/Content/Tiles/PlayerCharacter/Player_Sprite_132.uasset" 1120
"C:/Unreal Projects/Test_2D/Content/Tiles/PlayerCharacter/Player_Sprite_132.uexp" 1121
"C:/Unreal Projects/Test_2D/Content/Tiles/PlayerCharacter/Player_Sprite_133.uasset" 1122
"C:/Unreal Projects/Test_2D/Content/Tiles/PlayerCharacter/Player_Sprite_133.uexp" 1123
"C:/Unreal Projects/Test_2D/Content/Tiles/PlayerCharacter/Player_Sprite_134.uasset" 1124
"C:/Unreal Projects/Test_2D/Content/Tiles/PlayerCharacter/Player_Sprite_134.uexp" 1125
"C:/Unreal Projects/Test_2D/Content/Tiles/PlayerCharacter/Player_Sprite_135.uasset" 1126
"C:/Unreal Projects/Test_2D/Content/Tiles/PlayerCharacter/Player_Sprite_135.uexp" 1127
"C:/Unreal Projects/Test_2D/Content/Tiles/PlayerCharacter/Walk_Down.uasset" 1128
"C:/Unreal Projects/Test_2D/Content/Tiles/PlayerCharacter/Walk_Down.uexp" 1129
"C:/Unreal Projects/Test_2D/Content/Tiles/PlayerCharacter/Animations/Walk.uasset" 1130
"C:/Unreal Projects/Test_2D/Content/Tiles/PlayerCharacter/Animations/Walk.uexp" 1131
"C:/Unreal Projects/Test_2D/Content/Tiles/PlayerCharacter/Animations/Idle.uasset" 1132
"C:/Unreal Projects/Test_2D/Content/Tiles/PlayerCharacter/Animations/Idle.uexp" 1133
"C:/Unreal Projects/Test_2D/Content/Tiles/PlayerCharacter/Animations/PlayerCharacter_AnimBP.uasset" 1134
"C:/Unreal Projects/Test_2D/Content/Tiles/PlayerCharacter/Animations/PlayerCharacter_AnimBP.uexp" 1135
"C:/Unreal Projects/Test_2D/Content/ThirdPerson/Blueprints/BP_ThirdPersonCharacter.uasset" 1136
"C:/Unreal Projects/Test_2D/Content/ThirdPerson/Blueprints/BP_ThirdPersonCharacter.uexp" 1137
"C:/Unreal Projects/Test_2D/Content/UI/Time_Box.uasset" 1138
"C:/Unreal Projects/Test_2D/Content/UI/Time_Box.uexp" 1139
"C:/Unreal Projects/Test_2D/Content/Blueprints/Time/WorldTime_WB.uasset" 1140
"C:/Unreal Projects/Test_2D/Content/Blueprints/Time/WorldTime_WB.uexp" 1141
"C:/Unreal Projects/Test_2D/Content/Blueprints/Time/HUD_WB.uasset" 1142
"C:/Unreal Projects/Test_2D/Content/Blueprints/Time/HUD_WB.uexp" 1143
"C:/Unreal Projects/Test_2D/Content/Blueprints/Time/HUD_BP.uasset" 1144
"C:/Unreal Projects/Test_2D/Content/Blueprints/Time/HUD_BP.uexp" 1145
"C:/Unreal Projects/Test_2D/Content/ThirdPerson/Blueprints/BP_ThirdPersonGameMode.uasset" 1146
"C:/Unreal Projects/Test_2D/Content/ThirdPerson/Blueprints/BP_ThirdPersonGameMode.uexp" 1147
"C:/Unreal Projects/Test_2D/Content/ThirdPerson/Maps/ThirdPersonMap.uexp" 1148
"C:/Unreal Projects/Test_2D/Content/ThirdPerson/Maps/ThirdPersonMap.umap" 1149
